<?xml version="1.0" encoding="UTF-8"?>
<coverage generated="1605567554628" clover="3.2.0">
  <project timestamp="1605567554629" name="All files">
    <metrics statements="342" coveredstatements="242" conditionals="102" coveredconditionals="58" methods="110" coveredmethods="72" elements="554" coveredelements="372" complexity="0" loc="342" ncloc="342" packages="21" files="50" classes="50"/>
    <package name="src">
      <metrics statements="2" coveredstatements="2" conditionals="0" coveredconditionals="0" methods="1" coveredmethods="1"/>
      <file name="Root.tsx" path="/Users/emanoeltrevisol/Projects/blaire/src/Root.tsx">
        <metrics statements="2" coveredstatements="2" conditionals="0" coveredconditionals="0" methods="1" coveredmethods="1"/>
        <line num="7" count="1" type="stmt"/>
        <line num="8" count="1" type="stmt"/>
      </file>
    </package>
    <package name="src.api">
      <metrics statements="1" coveredstatements="1" conditionals="0" coveredconditionals="0" methods="1" coveredmethods="1"/>
      <file name="news.ts" path="/Users/emanoeltrevisol/Projects/blaire/src/api/news.ts">
        <metrics statements="1" coveredstatements="1" conditionals="0" coveredconditionals="0" methods="1" coveredmethods="1"/>
        <line num="10" count="1" type="stmt"/>
      </file>
    </package>
    <package name="src.components">
      <metrics statements="62" coveredstatements="61" conditionals="28" coveredconditionals="24" methods="13" coveredmethods="13"/>
      <file name="AuthForm.tsx" path="/Users/emanoeltrevisol/Projects/blaire/src/components/AuthForm.tsx">
        <metrics statements="42" coveredstatements="41" conditionals="15" coveredconditionals="14" methods="9" coveredmethods="9"/>
        <line num="20" count="2" type="stmt"/>
        <line num="25" count="2" type="stmt"/>
        <line num="39" count="21" type="stmt"/>
        <line num="46" count="21" type="stmt"/>
        <line num="47" count="21" type="stmt"/>
        <line num="52" count="21" type="cond" truecount="2" falsecount="0"/>
        <line num="53" count="7" type="stmt"/>
        <line num="54" count="7" type="stmt"/>
        <line num="55" count="7" type="stmt"/>
        <line num="56" count="14" type="cond" truecount="2" falsecount="0"/>
        <line num="57" count="6" type="stmt"/>
        <line num="58" count="6" type="stmt"/>
        <line num="59" count="6" type="stmt"/>
        <line num="61" count="8" type="stmt"/>
        <line num="62" count="8" type="stmt"/>
        <line num="63" count="8" type="stmt"/>
        <line num="66" count="21" type="stmt"/>
        <line num="81" count="2" type="stmt"/>
        <line num="82" count="38" type="stmt"/>
        <line num="83" count="38" type="stmt"/>
        <line num="86" count="38" type="stmt"/>
        <line num="90" count="38" type="stmt"/>
        <line num="91" count="5" type="stmt"/>
        <line num="92" count="5" type="stmt"/>
        <line num="93" count="5" type="cond" truecount="4" falsecount="0"/>
        <line num="94" count="4" type="stmt"/>
        <line num="97" count="1" type="stmt"/>
        <line num="98" count="1" type="stmt"/>
        <line num="99" count="1" type="stmt"/>
        <line num="104" count="0" type="stmt"/>
        <line num="106" count="1" type="stmt"/>
        <line num="110" count="38" type="stmt"/>
        <line num="111" count="10" type="stmt"/>
        <line num="118" count="38" type="stmt"/>
        <line num="119" count="11" type="stmt"/>
        <line num="123" count="8" type="stmt"/>
        <line num="124" count="8" type="stmt"/>
        <line num="126" count="15" type="stmt"/>
        <line num="132" count="38" type="stmt"/>
        <line num="150" count="4" type="stmt"/>
        <line num="175" count="5" type="stmt"/>
        <line num="201" count="2" type="stmt"/>
      </file>
      <file name="FormErrors.tsx" path="/Users/emanoeltrevisol/Projects/blaire/src/components/FormErrors.tsx">
        <metrics statements="13" coveredstatements="13" conditionals="6" coveredconditionals="6" methods="2" coveredmethods="2"/>
        <line num="21" count="6" type="stmt"/>
        <line num="22" count="195" type="stmt"/>
        <line num="24" count="195" type="cond" truecount="4" falsecount="0"/>
        <line num="25" count="149" type="stmt"/>
        <line num="28" count="46" type="stmt"/>
        <line num="29" count="46" type="stmt"/>
        <line num="31" count="46" type="stmt"/>
        <line num="32" count="87" type="cond" truecount="2" falsecount="0"/>
        <line num="33" count="46" type="stmt"/>
        <line num="39" count="46" type="stmt"/>
        <line num="43" count="46" type="stmt"/>
        <line num="46" count="46" type="stmt"/>
        <line num="49" count="6" type="stmt"/>
      </file>
      <file name="Loader.tsx" path="/Users/emanoeltrevisol/Projects/blaire/src/components/Loader.tsx">
        <metrics statements="3" coveredstatements="3" conditionals="2" coveredconditionals="2" methods="1" coveredmethods="1"/>
        <line num="14" count="2" type="cond" truecount="2" falsecount="0"/>
        <line num="15" count="3" type="stmt"/>
        <line num="22" count="2" type="stmt"/>
      </file>
      <file name="LoaderButton.tsx" path="/Users/emanoeltrevisol/Projects/blaire/src/components/LoaderButton.tsx">
        <metrics statements="4" coveredstatements="4" conditionals="5" coveredconditionals="2" methods="1" coveredmethods="1"/>
        <line num="12" count="4" type="stmt"/>
        <line num="13" count="49" type="stmt"/>
        <line num="15" count="49" type="stmt"/>
        <line num="27" count="4" type="stmt"/>
      </file>
    </package>
    <package name="src.components.news">
      <metrics statements="4" coveredstatements="4" conditionals="0" coveredconditionals="0" methods="1" coveredmethods="1"/>
      <file name="NewsCard.tsx" path="/Users/emanoeltrevisol/Projects/blaire/src/components/news/NewsCard.tsx">
        <metrics statements="4" coveredstatements="4" conditionals="0" coveredconditionals="0" methods="1" coveredmethods="1"/>
        <line num="6" count="2" type="stmt"/>
        <line num="7" count="2" type="stmt"/>
        <line num="9" count="2" type="stmt"/>
        <line num="23" count="2" type="stmt"/>
      </file>
    </package>
    <package name="src.components.posts">
      <metrics statements="79" coveredstatements="72" conditionals="12" coveredconditionals="12" methods="18" coveredmethods="14"/>
      <file name="CreateEditModal.tsx" path="/Users/emanoeltrevisol/Projects/blaire/src/components/posts/CreateEditModal.tsx">
        <metrics statements="4" coveredstatements="4" conditionals="0" coveredconditionals="0" methods="1" coveredmethods="1"/>
        <line num="18" count="3" type="stmt"/>
        <line num="28" count="6" type="stmt"/>
        <line num="30" count="6" type="stmt"/>
        <line num="53" count="3" type="stmt"/>
      </file>
      <file name="PostCard.tsx" path="/Users/emanoeltrevisol/Projects/blaire/src/components/posts/PostCard.tsx">
        <metrics statements="4" coveredstatements="4" conditionals="0" coveredconditionals="0" methods="1" coveredmethods="1"/>
        <line num="5" count="3" type="stmt"/>
        <line num="6" count="1" type="stmt"/>
        <line num="8" count="1" type="stmt"/>
        <line num="26" count="3" type="stmt"/>
      </file>
      <file name="PostForm.tsx" path="/Users/emanoeltrevisol/Projects/blaire/src/components/posts/PostForm.tsx">
        <metrics statements="52" coveredstatements="51" conditionals="12" coveredconditionals="12" methods="8" coveredmethods="8"/>
        <line num="12" count="4" type="stmt"/>
        <line num="21" count="4" type="stmt"/>
        <line num="28" count="4" type="stmt"/>
        <line num="35" count="4" type="stmt"/>
        <line num="40" count="4" type="stmt"/>
        <line num="54" count="23" type="stmt"/>
        <line num="61" count="23" type="stmt"/>
        <line num="62" count="23" type="stmt"/>
        <line num="68" count="23" type="cond" truecount="2" falsecount="0"/>
        <line num="69" count="7" type="stmt"/>
        <line num="70" count="7" type="stmt"/>
        <line num="71" count="7" type="stmt"/>
        <line num="72" count="7" type="stmt"/>
        <line num="73" count="16" type="cond" truecount="2" falsecount="0"/>
        <line num="74" count="6" type="stmt"/>
        <line num="75" count="6" type="stmt"/>
        <line num="76" count="6" type="stmt"/>
        <line num="77" count="6" type="stmt"/>
        <line num="78" count="10" type="cond" truecount="2" falsecount="0"/>
        <line num="79" count="2" type="stmt"/>
        <line num="80" count="2" type="stmt"/>
        <line num="81" count="2" type="stmt"/>
        <line num="82" count="2" type="stmt"/>
        <line num="84" count="8" type="stmt"/>
        <line num="85" count="8" type="stmt"/>
        <line num="86" count="8" type="stmt"/>
        <line num="87" count="8" type="stmt"/>
        <line num="90" count="23" type="stmt"/>
        <line num="107" count="4" type="stmt"/>
        <line num="108" count="49" type="stmt"/>
        <line num="112" count="49" type="stmt"/>
        <line num="117" count="49" type="stmt"/>
        <line num="119" count="49" type="stmt"/>
        <line num="121" count="49" type="stmt"/>
        <line num="122" count="19" type="cond" truecount="2" falsecount="0"/>
        <line num="123" count="4" type="stmt"/>
        <line num="127" count="49" type="stmt"/>
        <line num="128" count="5" type="stmt"/>
        <line num="129" count="5" type="stmt"/>
        <line num="130" count="5" type="cond" truecount="4" falsecount="0"/>
        <line num="131" count="4" type="stmt"/>
        <line num="134" count="1" type="stmt"/>
        <line num="135" count="1" type="stmt"/>
        <line num="140" count="0" type="stmt"/>
        <line num="144" count="49" type="stmt"/>
        <line num="145" count="11" type="stmt"/>
        <line num="152" count="49" type="stmt"/>
        <line num="153" count="12" type="stmt"/>
        <line num="160" count="49" type="stmt"/>
        <line num="179" count="5" type="stmt"/>
        <line num="200" count="6" type="stmt"/>
        <line num="223" count="4" type="stmt"/>
      </file>
      <file name="PostList.tsx" path="/Users/emanoeltrevisol/Projects/blaire/src/components/posts/PostList.tsx">
        <metrics statements="5" coveredstatements="4" conditionals="0" coveredconditionals="0" methods="3" coveredmethods="2"/>
        <line num="12" count="2" type="stmt"/>
        <line num="13" count="3" type="stmt"/>
        <line num="14" count="1" type="stmt"/>
        <line num="17" count="3" type="stmt"/>
        <line num="20" count="0" type="stmt"/>
      </file>
      <file name="PostListTop.tsx" path="/Users/emanoeltrevisol/Projects/blaire/src/components/posts/PostListTop.tsx">
        <metrics statements="14" coveredstatements="9" conditionals="0" coveredconditionals="0" methods="5" coveredmethods="2"/>
        <line num="18" count="2" type="stmt"/>
        <line num="24" count="2" type="stmt"/>
        <line num="25" count="5" type="stmt"/>
        <line num="26" count="5" type="stmt"/>
        <line num="28" count="5" type="stmt"/>
        <line num="30" count="5" type="stmt"/>
        <line num="37" count="0" type="stmt"/>
        <line num="39" count="0" type="stmt"/>
        <line num="40" count="0" type="stmt"/>
        <line num="42" count="0" type="stmt"/>
        <line num="44" count="5" type="stmt"/>
        <line num="57" count="1" type="stmt"/>
        <line num="66" count="0" type="stmt"/>
        <line num="73" count="2" type="stmt"/>
      </file>
    </package>
    <package name="src.config">
      <metrics statements="1" coveredstatements="1" conditionals="0" coveredconditionals="0" methods="0" coveredmethods="0"/>
      <file name="index.ts" path="/Users/emanoeltrevisol/Projects/blaire/src/config/index.ts">
        <metrics statements="1" coveredstatements="1" conditionals="0" coveredconditionals="0" methods="0" coveredmethods="0"/>
        <line num="1" count="2" type="stmt"/>
      </file>
    </package>
    <package name="src.containers.auth">
      <metrics statements="24" coveredstatements="4" conditionals="8" coveredconditionals="0" methods="6" coveredmethods="0"/>
      <file name="SignIn.tsx" path="/Users/emanoeltrevisol/Projects/blaire/src/containers/auth/SignIn.tsx">
        <metrics statements="14" coveredstatements="2" conditionals="4" coveredconditionals="0" methods="3" coveredmethods="0"/>
        <line num="16" count="1" type="stmt"/>
        <line num="17" count="0" type="stmt"/>
        <line num="19" count="0" type="stmt"/>
        <line num="26" count="0" type="stmt"/>
        <line num="27" count="0" type="stmt"/>
        <line num="28" count="0" type="stmt"/>
        <line num="29" count="0" type="stmt"/>
        <line num="30" count="0" type="cond" truecount="0" falsecount="2"/>
        <line num="31" count="0" type="stmt"/>
        <line num="33" count="0" type="stmt"/>
        <line num="37" count="0" type="stmt"/>
        <line num="38" count="0" type="stmt"/>
        <line num="41" count="0" type="stmt"/>
        <line num="61" count="1" type="stmt"/>
      </file>
      <file name="SignUp.tsx" path="/Users/emanoeltrevisol/Projects/blaire/src/containers/auth/SignUp.tsx">
        <metrics statements="10" coveredstatements="2" conditionals="4" coveredconditionals="0" methods="3" coveredmethods="0"/>
        <line num="16" count="1" type="stmt"/>
        <line num="17" count="0" type="stmt"/>
        <line num="19" count="0" type="stmt"/>
        <line num="26" count="0" type="stmt"/>
        <line num="27" count="0" type="stmt"/>
        <line num="28" count="0" type="cond" truecount="0" falsecount="2"/>
        <line num="30" count="0" type="stmt"/>
        <line num="34" count="0" type="stmt"/>
        <line num="51" count="0" type="stmt"/>
        <line num="59" count="1" type="stmt"/>
      </file>
    </package>
    <package name="src.containers.news">
      <metrics statements="22" coveredstatements="2" conditionals="9" coveredconditionals="0" methods="8" coveredmethods="0"/>
      <file name="List.tsx" path="/Users/emanoeltrevisol/Projects/blaire/src/containers/news/List.tsx">
        <metrics statements="22" coveredstatements="2" conditionals="9" coveredconditionals="0" methods="8" coveredmethods="0"/>
        <line num="24" count="1" type="stmt"/>
        <line num="25" count="0" type="stmt"/>
        <line num="27" count="0" type="stmt"/>
        <line num="29" count="0" type="stmt"/>
        <line num="31" count="0" type="stmt"/>
        <line num="32" count="0" type="cond" truecount="0" falsecount="2"/>
        <line num="33" count="0" type="stmt"/>
        <line num="35" count="0" type="stmt"/>
        <line num="37" count="0" type="stmt"/>
        <line num="39" count="0" type="cond" truecount="0" falsecount="2"/>
        <line num="40" count="0" type="stmt"/>
        <line num="47" count="0" type="stmt"/>
        <line num="48" count="0" type="stmt"/>
        <line num="51" count="0" type="cond" truecount="0" falsecount="4"/>
        <line num="52" count="0" type="stmt"/>
        <line num="55" count="0" type="stmt"/>
        <line num="61" count="0" type="stmt"/>
        <line num="62" count="0" type="stmt"/>
        <line num="63" count="0" type="stmt"/>
        <line num="67" count="0" type="stmt"/>
        <line num="77" count="1" type="stmt"/>
        <line num="87" count="0" type="stmt"/>
      </file>
    </package>
    <package name="src.containers.posts">
      <metrics statements="25" coveredstatements="1" conditionals="11" coveredconditionals="0" methods="7" coveredmethods="0"/>
      <file name="List.tsx" path="/Users/emanoeltrevisol/Projects/blaire/src/containers/posts/List.tsx">
        <metrics statements="25" coveredstatements="1" conditionals="11" coveredconditionals="0" methods="7" coveredmethods="0"/>
        <line num="19" count="1" type="stmt"/>
        <line num="20" count="0" type="stmt"/>
        <line num="22" count="0" type="stmt"/>
        <line num="24" count="0" type="stmt"/>
        <line num="26" count="0" type="stmt"/>
        <line num="28" count="0" type="stmt"/>
        <line num="29" count="0" type="cond" truecount="0" falsecount="2"/>
        <line num="30" count="0" type="stmt"/>
        <line num="32" count="0" type="cond" truecount="0" falsecount="2"/>
        <line num="36" count="0" type="stmt"/>
        <line num="38" count="0" type="cond" truecount="0" falsecount="2"/>
        <line num="39" count="0" type="stmt"/>
        <line num="46" count="0" type="stmt"/>
        <line num="47" count="0" type="stmt"/>
        <line num="48" count="0" type="stmt"/>
        <line num="49" count="0" type="stmt"/>
        <line num="52" count="0" type="stmt"/>
        <line num="53" count="0" type="stmt"/>
        <line num="56" count="0" type="stmt"/>
        <line num="57" count="0" type="stmt"/>
        <line num="60" count="0" type="cond" truecount="0" falsecount="4"/>
        <line num="61" count="0" type="stmt"/>
        <line num="64" count="0" type="stmt"/>
        <line num="69" count="0" type="stmt"/>
        <line num="76" count="0" type="stmt"/>
      </file>
    </package>
    <package name="src.models">
      <metrics statements="14" coveredstatements="14" conditionals="2" coveredconditionals="2" methods="4" coveredmethods="4"/>
      <file name="News.ts" path="/Users/emanoeltrevisol/Projects/blaire/src/models/News.ts">
        <metrics statements="5" coveredstatements="5" conditionals="0" coveredconditionals="0" methods="1" coveredmethods="1"/>
        <line num="34" count="8" type="stmt"/>
        <line num="35" count="8" type="stmt"/>
        <line num="36" count="8" type="stmt"/>
        <line num="37" count="8" type="stmt"/>
        <line num="38" count="8" type="stmt"/>
      </file>
      <file name="Post.ts" path="/Users/emanoeltrevisol/Projects/blaire/src/models/Post.ts">
        <metrics statements="9" coveredstatements="9" conditionals="2" coveredconditionals="2" methods="3" coveredmethods="3"/>
        <line num="3" count="2" type="stmt"/>
        <line num="30" count="9" type="stmt"/>
        <line num="31" count="9" type="stmt"/>
        <line num="32" count="9" type="stmt"/>
        <line num="34" count="9" type="stmt"/>
        <line num="35" count="9" type="stmt"/>
        <line num="37" count="9" type="stmt"/>
        <line num="46" count="2" type="stmt"/>
        <line num="50" count="1" type="stmt"/>
      </file>
    </package>
    <package name="src.models.fakeData">
      <metrics statements="2" coveredstatements="2" conditionals="0" coveredconditionals="0" methods="1" coveredmethods="1"/>
      <file name="news.ts" path="/Users/emanoeltrevisol/Projects/blaire/src/models/fakeData/news.ts">
        <metrics statements="2" coveredstatements="2" conditionals="0" coveredconditionals="0" methods="1" coveredmethods="1"/>
        <line num="3" count="3" type="stmt"/>
        <line num="32" count="6" type="stmt"/>
      </file>
    </package>
    <package name="src.routes">
      <metrics statements="18" coveredstatements="12" conditionals="6" coveredconditionals="1" methods="7" coveredmethods="4"/>
      <file name="Auth.tsx" path="/Users/emanoeltrevisol/Projects/blaire/src/routes/Auth.tsx">
        <metrics statements="2" coveredstatements="1" conditionals="0" coveredconditionals="0" methods="1" coveredmethods="0"/>
        <line num="6" count="1" type="stmt"/>
        <line num="10" count="0" type="stmt"/>
      </file>
      <file name="Home.tsx" path="/Users/emanoeltrevisol/Projects/blaire/src/routes/Home.tsx">
        <metrics statements="2" coveredstatements="1" conditionals="0" coveredconditionals="0" methods="1" coveredmethods="0"/>
        <line num="6" count="1" type="stmt"/>
        <line num="10" count="0" type="stmt"/>
      </file>
      <file name="Profile.tsx" path="/Users/emanoeltrevisol/Projects/blaire/src/routes/Profile.tsx">
        <metrics statements="3" coveredstatements="2" conditionals="0" coveredconditionals="0" methods="1" coveredmethods="0"/>
        <line num="5" count="1" type="stmt"/>
        <line num="6" count="0" type="stmt"/>
        <line num="14" count="1" type="stmt"/>
      </file>
      <file name="index.tsx" path="/Users/emanoeltrevisol/Projects/blaire/src/routes/index.tsx">
        <metrics statements="11" coveredstatements="8" conditionals="6" coveredconditionals="1" methods="4" coveredmethods="4"/>
        <line num="20" count="1" type="stmt"/>
        <line num="21" count="1" type="stmt"/>
        <line num="25" count="1" type="stmt"/>
        <line num="29" count="1" type="stmt"/>
        <line num="31" count="1" type="cond" truecount="1" falsecount="1"/>
        <line num="32" count="1" type="stmt"/>
        <line num="39" count="0" type="cond" truecount="0" falsecount="4"/>
        <line num="40" count="0" type="stmt"/>
        <line num="43" count="0" type="stmt"/>
        <line num="47" count="1" type="stmt"/>
        <line num="55" count="2" type="stmt"/>
      </file>
    </package>
    <package name="src.store">
      <metrics statements="2" coveredstatements="2" conditionals="0" coveredconditionals="0" methods="0" coveredmethods="0"/>
      <file name="index.ts" path="/Users/emanoeltrevisol/Projects/blaire/src/store/index.ts">
        <metrics statements="2" coveredstatements="2" conditionals="0" coveredconditionals="0" methods="0" coveredmethods="0"/>
        <line num="8" count="1" type="stmt"/>
        <line num="15" count="1" type="stmt"/>
      </file>
    </package>
    <package name="src.store.auth">
      <metrics statements="5" coveredstatements="5" conditionals="4" coveredconditionals="4" methods="2" coveredmethods="2"/>
      <file name="actions.ts" path="/Users/emanoeltrevisol/Projects/blaire/src/store/auth/actions.ts">
        <metrics statements="1" coveredstatements="1" conditionals="0" coveredconditionals="0" methods="1" coveredmethods="1"/>
        <line num="5" count="1" type="stmt"/>
      </file>
      <file name="reducer.ts" path="/Users/emanoeltrevisol/Projects/blaire/src/store/auth/reducer.ts">
        <metrics statements="4" coveredstatements="4" conditionals="4" coveredconditionals="4" methods="1" coveredmethods="1"/>
        <line num="5" count="6" type="cond" truecount="3" falsecount="0"/>
        <line num="7" count="1" type="stmt"/>
        <line num="12" count="1" type="stmt"/>
        <line num="16" count="4" type="stmt"/>
      </file>
      <file name="state.ts" path="/Users/emanoeltrevisol/Projects/blaire/src/store/auth/state.ts">
        <metrics statements="0" coveredstatements="0" conditionals="0" coveredconditionals="0" methods="0" coveredmethods="0"/>
      </file>
      <file name="types.ts" path="/Users/emanoeltrevisol/Projects/blaire/src/store/auth/types.ts">
        <metrics statements="0" coveredstatements="0" conditionals="0" coveredconditionals="0" methods="0" coveredmethods="0"/>
      </file>
    </package>
    <package name="src.store.form">
      <metrics statements="5" coveredstatements="4" conditionals="7" coveredconditionals="4" methods="1" coveredmethods="1"/>
      <file name="reducer.ts" path="/Users/emanoeltrevisol/Projects/blaire/src/store/form/reducer.ts">
        <metrics statements="5" coveredstatements="4" conditionals="7" coveredconditionals="4" methods="1" coveredmethods="1"/>
        <line num="8" count="108" type="cond" truecount="3" falsecount="1"/>
        <line num="10" count="20" type="stmt"/>
        <line num="15" count="44" type="stmt"/>
        <line num="20" count="44" type="stmt"/>
        <line num="29" count="0" type="stmt"/>
      </file>
      <file name="state.ts" path="/Users/emanoeltrevisol/Projects/blaire/src/store/form/state.ts">
        <metrics statements="0" coveredstatements="0" conditionals="0" coveredconditionals="0" methods="0" coveredmethods="0"/>
      </file>
      <file name="types.ts" path="/Users/emanoeltrevisol/Projects/blaire/src/store/form/types.ts">
        <metrics statements="0" coveredstatements="0" conditionals="0" coveredconditionals="0" methods="0" coveredmethods="0"/>
      </file>
    </package>
    <package name="src.store.loader">
      <metrics statements="8" coveredstatements="8" conditionals="5" coveredconditionals="5" methods="4" coveredmethods="4"/>
      <file name="actions.ts" path="/Users/emanoeltrevisol/Projects/blaire/src/store/loader/actions.ts">
        <metrics statements="3" coveredstatements="3" conditionals="0" coveredconditionals="0" methods="3" coveredmethods="3"/>
        <line num="4" count="2" type="stmt"/>
        <line num="13" count="3" type="stmt"/>
        <line num="22" count="3" type="stmt"/>
      </file>
      <file name="reducer.ts" path="/Users/emanoeltrevisol/Projects/blaire/src/store/loader/reducer.ts">
        <metrics statements="5" coveredstatements="5" conditionals="5" coveredconditionals="5" methods="1" coveredmethods="1"/>
        <line num="5" count="7" type="cond" truecount="4" falsecount="0"/>
        <line num="7" count="2" type="stmt"/>
        <line num="12" count="1" type="stmt"/>
        <line num="17" count="1" type="stmt"/>
        <line num="22" count="3" type="stmt"/>
      </file>
      <file name="state.ts" path="/Users/emanoeltrevisol/Projects/blaire/src/store/loader/state.ts">
        <metrics statements="0" coveredstatements="0" conditionals="0" coveredconditionals="0" methods="0" coveredmethods="0"/>
      </file>
      <file name="types.ts" path="/Users/emanoeltrevisol/Projects/blaire/src/store/loader/types.ts">
        <metrics statements="0" coveredstatements="0" conditionals="0" coveredconditionals="0" methods="0" coveredmethods="0"/>
      </file>
    </package>
    <package name="src.store.news">
      <metrics statements="12" coveredstatements="11" conditionals="3" coveredconditionals="3" methods="5" coveredmethods="5"/>
      <file name="actions.ts" path="/Users/emanoeltrevisol/Projects/blaire/src/store/news/actions.ts">
        <metrics statements="9" coveredstatements="8" conditionals="0" coveredconditionals="0" methods="4" coveredmethods="4"/>
        <line num="8" count="1" type="stmt"/>
        <line num="9" count="1" type="stmt"/>
        <line num="10" count="1" type="stmt"/>
        <line num="12" count="1" type="stmt"/>
        <line num="14" count="2" type="stmt"/>
        <line num="16" count="1" type="stmt"/>
        <line num="19" count="0" type="stmt"/>
        <line num="21" count="1" type="stmt"/>
        <line num="27" count="2" type="stmt"/>
      </file>
      <file name="reducer.ts" path="/Users/emanoeltrevisol/Projects/blaire/src/store/news/reducer.ts">
        <metrics statements="3" coveredstatements="3" conditionals="3" coveredconditionals="3" methods="1" coveredmethods="1"/>
        <line num="5" count="5" type="cond" truecount="2" falsecount="0"/>
        <line num="7" count="1" type="stmt"/>
        <line num="12" count="4" type="stmt"/>
      </file>
      <file name="state.ts" path="/Users/emanoeltrevisol/Projects/blaire/src/store/news/state.ts">
        <metrics statements="0" coveredstatements="0" conditionals="0" coveredconditionals="0" methods="0" coveredmethods="0"/>
      </file>
      <file name="types.ts" path="/Users/emanoeltrevisol/Projects/blaire/src/store/news/types.ts">
        <metrics statements="0" coveredstatements="0" conditionals="0" coveredconditionals="0" methods="0" coveredmethods="0"/>
      </file>
    </package>
    <package name="src.store.posts">
      <metrics statements="26" coveredstatements="14" conditionals="6" coveredconditionals="2" methods="10" coveredmethods="6"/>
      <file name="actions.ts" path="/Users/emanoeltrevisol/Projects/blaire/src/store/posts/actions.ts">
        <metrics statements="18" coveredstatements="12" conditionals="0" coveredconditionals="0" methods="8" coveredmethods="5"/>
        <line num="6" count="2" type="stmt"/>
        <line num="10" count="3" type="stmt"/>
        <line num="20" count="0" type="stmt"/>
        <line num="29" count="0" type="stmt"/>
        <line num="39" count="0" type="stmt"/>
        <line num="48" count="1" type="stmt"/>
        <line num="49" count="1" type="stmt"/>
        <line num="50" count="1" type="stmt"/>
        <line num="52" count="1" type="stmt"/>
        <line num="54" count="0" type="stmt"/>
        <line num="60" count="1" type="stmt"/>
        <line num="61" count="1" type="stmt"/>
        <line num="62" count="1" type="stmt"/>
        <line num="64" count="1" type="stmt"/>
        <line num="66" count="1" type="stmt"/>
        <line num="68" count="0" type="stmt"/>
        <line num="69" count="0" type="stmt"/>
        <line num="71" count="1" type="stmt"/>
      </file>
      <file name="reducer.ts" path="/Users/emanoeltrevisol/Projects/blaire/src/store/posts/reducer.ts">
        <metrics statements="8" coveredstatements="2" conditionals="6" coveredconditionals="2" methods="2" coveredmethods="1"/>
        <line num="5" count="4" type="cond" truecount="1" falsecount="4"/>
        <line num="7" count="0" type="stmt"/>
        <line num="12" count="0" type="stmt"/>
        <line num="18" count="0" type="stmt"/>
        <line num="23" count="0" type="stmt"/>
        <line num="25" count="0" type="stmt"/>
        <line num="27" count="0" type="stmt"/>
        <line num="30" count="4" type="stmt"/>
      </file>
      <file name="state.ts" path="/Users/emanoeltrevisol/Projects/blaire/src/store/posts/state.ts">
        <metrics statements="0" coveredstatements="0" conditionals="0" coveredconditionals="0" methods="0" coveredmethods="0"/>
      </file>
      <file name="types.ts" path="/Users/emanoeltrevisol/Projects/blaire/src/store/posts/types.ts">
        <metrics statements="0" coveredstatements="0" conditionals="0" coveredconditionals="0" methods="0" coveredmethods="0"/>
      </file>
    </package>
    <package name="src.utils">
      <metrics statements="4" coveredstatements="4" conditionals="0" coveredconditionals="0" methods="4" coveredmethods="4"/>
      <file name="Toaster.ts" path="/Users/emanoeltrevisol/Projects/blaire/src/utils/Toaster.ts">
        <metrics statements="2" coveredstatements="2" conditionals="0" coveredconditionals="0" methods="2" coveredmethods="2"/>
        <line num="4" count="1" type="stmt"/>
        <line num="8" count="1" type="stmt"/>
      </file>
      <file name="sort.ts" path="/Users/emanoeltrevisol/Projects/blaire/src/utils/sort.ts">
        <metrics statements="2" coveredstatements="2" conditionals="0" coveredconditionals="0" methods="2" coveredmethods="2"/>
        <line num="4" count="1" type="stmt"/>
        <line num="6" count="1" type="stmt"/>
      </file>
    </package>
    <package name="src.utils.firebase">
      <metrics statements="23" coveredstatements="15" conditionals="0" coveredconditionals="0" methods="15" coveredmethods="9"/>
      <file name="Auth.ts" path="/Users/emanoeltrevisol/Projects/blaire/src/utils/firebase/Auth.ts">
        <metrics statements="11" coveredstatements="5" conditionals="0" coveredconditionals="0" methods="9" coveredmethods="4"/>
        <line num="9" count="0" type="stmt"/>
        <line num="13" count="0" type="stmt"/>
        <line num="17" count="0" type="stmt"/>
        <line num="21" count="1" type="stmt"/>
        <line num="25" count="1" type="stmt"/>
        <line num="26" count="1" type="stmt"/>
        <line num="30" count="1" type="stmt"/>
        <line num="34" count="0" type="stmt"/>
        <line num="38" count="1" type="stmt"/>
        <line num="39" count="0" type="stmt"/>
        <line num="40" count="0" type="stmt"/>
      </file>
      <file name="Firestore.ts" path="/Users/emanoeltrevisol/Projects/blaire/src/utils/firebase/Firestore.ts">
        <metrics statements="12" coveredstatements="10" conditionals="0" coveredconditionals="0" methods="6" coveredmethods="5"/>
        <line num="10" count="2" type="stmt"/>
        <line num="11" count="2" type="stmt"/>
        <line num="15" count="2" type="stmt"/>
        <line num="19" count="2" type="stmt"/>
        <line num="20" count="2" type="stmt"/>
        <line num="22" count="0" type="stmt"/>
        <line num="25" count="2" type="stmt"/>
        <line num="30" count="1" type="stmt"/>
        <line num="32" count="1" type="stmt"/>
        <line num="44" count="1" type="stmt"/>
        <line num="49" count="1" type="stmt"/>
        <line num="53" count="0" type="stmt"/>
      </file>
    </package>
    <package name="src.validations">
      <metrics statements="3" coveredstatements="3" conditionals="1" coveredconditionals="1" methods="2" coveredmethods="2"/>
      <file name="email.ts" path="/Users/emanoeltrevisol/Projects/blaire/src/validations/email.ts">
        <metrics statements="1" coveredstatements="1" conditionals="0" coveredconditionals="0" methods="1" coveredmethods="1"/>
        <line num="4" count="13" type="stmt"/>
      </file>
      <file name="string.ts" path="/Users/emanoeltrevisol/Projects/blaire/src/validations/string.ts">
        <metrics statements="2" coveredstatements="2" conditionals="1" coveredconditionals="1" methods="1" coveredmethods="1"/>
        <line num="6" count="36" type="stmt"/>
        <line num="7" count="36" type="stmt"/>
      </file>
    </package>
  </project>
</coverage>
