{"/Users/emanoeltrevisol/Projects/blaire/src/Root.tsx": {"path":"/Users/emanoeltrevisol/Projects/blaire/src/Root.tsx","statementMap":{"0":{"start":{"line":7,"column":13},"end":{"line":15,"column":1}},"1":{"start":{"line":8,"column":2},"end":{"line":14,"column":4}}},"fnMap":{"0":{"name":"(anonymous_0)","decl":{"start":{"line":7,"column":13},"end":{"line":7,"column":14}},"loc":{"start":{"line":7,"column":19},"end":{"line":15,"column":1}},"line":7}},"branchMap":{},"s":{"0":1,"1":1},"f":{"0":1},"b":{},"_coverageSchema":"1a1c01bbd47fc00a2c39e90264f33305004495a9","hash":"a6dfd9a1761eeb7d1449878979003b19203ac621"}
,"/Users/emanoeltrevisol/Projects/blaire/src/api/news.ts": {"path":"/Users/emanoeltrevisol/Projects/blaire/src/api/news.ts","statementMap":{"0":{"start":{"line":10,"column":2},"end":{"line":10,"column":34}}},"fnMap":{"0":{"name":"getNews","decl":{"start":{"line":9,"column":16},"end":{"line":9,"column":23}},"loc":{"start":{"line":9,"column":53},"end":{"line":11,"column":1}},"line":9}},"branchMap":{},"s":{"0":1},"f":{"0":1},"b":{},"_coverageSchema":"1a1c01bbd47fc00a2c39e90264f33305004495a9","hash":"157667fb49f8f7eb63c6ee2d27af8404fba7d45d"}
,"/Users/emanoeltrevisol/Projects/blaire/src/components/AuthForm.tsx": {"path":"/Users/emanoeltrevisol/Projects/blaire/src/components/AuthForm.tsx","statementMap":{"0":{"start":{"line":20,"column":27},"end":{"line":23,"column":1}},"1":{"start":{"line":25,"column":30},"end":{"line":28,"column":1}},"2":{"start":{"line":39,"column":2},"end":{"line":44,"column":5}},"3":{"start":{"line":46,"column":14},"end":{"line":46,"column":19}},"4":{"start":{"line":47,"column":17},"end":{"line":50,"column":3}},"5":{"start":{"line":52,"column":2},"end":{"line":64,"column":3}},"6":{"start":{"line":53,"column":4},"end":{"line":53,"column":17}},"7":{"start":{"line":54,"column":4},"end":{"line":54,"column":27}},"8":{"start":{"line":55,"column":4},"end":{"line":55,"column":25}},"9":{"start":{"line":56,"column":9},"end":{"line":64,"column":3}},"10":{"start":{"line":57,"column":4},"end":{"line":57,"column":17}},"11":{"start":{"line":58,"column":4},"end":{"line":58,"column":28}},"12":{"start":{"line":59,"column":4},"end":{"line":59,"column":24}},"13":{"start":{"line":61,"column":4},"end":{"line":61,"column":18}},"14":{"start":{"line":62,"column":4},"end":{"line":62,"column":28}},"15":{"start":{"line":63,"column":4},"end":{"line":63,"column":25}},"16":{"start":{"line":66,"column":2},"end":{"line":72,"column":5}},"17":{"start":{"line":81,"column":18},"end":{"line":199,"column":1}},"18":{"start":{"line":82,"column":42},"end":{"line":82,"column":66}},"19":{"start":{"line":83,"column":40},"end":{"line":85,"column":4}},"20":{"start":{"line":86,"column":46},"end":{"line":88,"column":4}},"21":{"start":{"line":90,"column":17},"end":{"line":108,"column":3}},"22":{"start":{"line":91,"column":4},"end":{"line":91,"column":20}},"23":{"start":{"line":92,"column":4},"end":{"line":92,"column":23}},"24":{"start":{"line":93,"column":4},"end":{"line":95,"column":5}},"25":{"start":{"line":94,"column":6},"end":{"line":94,"column":13}},"26":{"start":{"line":97,"column":4},"end":{"line":107,"column":5}},"27":{"start":{"line":98,"column":6},"end":{"line":98,"column":28}},"28":{"start":{"line":99,"column":6},"end":{"line":102,"column":9}},"29":{"start":{"line":104,"column":6},"end":{"line":104,"column":34}},"30":{"start":{"line":106,"column":6},"end":{"line":106,"column":29}},"31":{"start":{"line":110,"column":24},"end":{"line":116,"column":3}},"32":{"start":{"line":111,"column":4},"end":{"line":115,"column":7}},"33":{"start":{"line":118,"column":27},"end":{"line":130,"column":3}},"34":{"start":{"line":119,"column":4},"end":{"line":129,"column":7}},"35":{"start":{"line":123,"column":25},"end":{"line":123,"column":52}},"36":{"start":{"line":124,"column":8},"end":{"line":127,"column":10}},"37":{"start":{"line":126,"column":38},"end":{"line":126,"column":71}},"38":{"start":{"line":132,"column":2},"end":{"line":198,"column":4}},"39":{"start":{"line":150,"column":14},"end":{"line":153,"column":16}},"40":{"start":{"line":175,"column":14},"end":{"line":178,"column":16}},"41":{"start":{"line":201,"column":12},"end":{"line":235,"column":2}}},"fnMap":{"0":{"name":"validateField","decl":{"start":{"line":30,"column":9},"end":{"line":30,"column":22}},"loc":{"start":{"line":38,"column":3},"end":{"line":73,"column":1}},"line":38},"1":{"name":"(anonymous_1)","decl":{"start":{"line":81,"column":18},"end":{"line":81,"column":19}},"loc":{"start":{"line":81,"column":45},"end":{"line":199,"column":1}},"line":81},"2":{"name":"(anonymous_2)","decl":{"start":{"line":90,"column":17},"end":{"line":90,"column":18}},"loc":{"start":{"line":90,"column":29},"end":{"line":108,"column":3}},"line":90},"3":{"name":"(anonymous_3)","decl":{"start":{"line":110,"column":24},"end":{"line":110,"column":25}},"loc":{"start":{"line":110,"column":30},"end":{"line":116,"column":3}},"line":110},"4":{"name":"(anonymous_4)","decl":{"start":{"line":118,"column":27},"end":{"line":118,"column":28}},"loc":{"start":{"line":118,"column":33},"end":{"line":130,"column":3}},"line":118},"5":{"name":"(anonymous_5)","decl":{"start":{"line":122,"column":18},"end":{"line":122,"column":19}},"loc":{"start":{"line":122,"column":35},"end":{"line":128,"column":7}},"line":122},"6":{"name":"(anonymous_6)","decl":{"start":{"line":126,"column":25},"end":{"line":126,"column":26}},"loc":{"start":{"line":126,"column":38},"end":{"line":126,"column":71}},"line":126},"7":{"name":"(anonymous_7)","decl":{"start":{"line":149,"column":26},"end":{"line":149,"column":27}},"loc":{"start":{"line":150,"column":14},"end":{"line":153,"column":16}},"line":150},"8":{"name":"(anonymous_8)","decl":{"start":{"line":174,"column":26},"end":{"line":174,"column":27}},"loc":{"start":{"line":175,"column":14},"end":{"line":178,"column":16}},"line":175}},"branchMap":{"0":{"loc":{"start":{"line":52,"column":2},"end":{"line":64,"column":3}},"type":"if","locations":[{"start":{"line":52,"column":2},"end":{"line":64,"column":3}},{"start":{"line":52,"column":2},"end":{"line":64,"column":3}}],"line":52},"1":{"loc":{"start":{"line":56,"column":9},"end":{"line":64,"column":3}},"type":"if","locations":[{"start":{"line":56,"column":9},"end":{"line":64,"column":3}},{"start":{"line":56,"column":9},"end":{"line":64,"column":3}}],"line":56},"2":{"loc":{"start":{"line":93,"column":4},"end":{"line":95,"column":5}},"type":"if","locations":[{"start":{"line":93,"column":4},"end":{"line":95,"column":5}},{"start":{"line":93,"column":4},"end":{"line":95,"column":5}}],"line":93},"3":{"loc":{"start":{"line":93,"column":8},"end":{"line":93,"column":47}},"type":"binary-expr","locations":[{"start":{"line":93,"column":8},"end":{"line":93,"column":24}},{"start":{"line":93,"column":28},"end":{"line":93,"column":47}}],"line":93},"4":{"loc":{"start":{"line":125,"column":10},"end":{"line":126,"column":72}},"type":"binary-expr","locations":[{"start":{"line":125,"column":10},"end":{"line":125,"column":25}},{"start":{"line":126,"column":10},"end":{"line":126,"column":72}}],"line":125},"5":{"loc":{"start":{"line":170,"column":29},"end":{"line":170,"column":74}},"type":"cond-expr","locations":[{"start":{"line":170,"column":48},"end":{"line":170,"column":61}},{"start":{"line":170,"column":64},"end":{"line":170,"column":74}}],"line":170},"6":{"loc":{"start":{"line":192,"column":11},"end":{"line":194,"column":11}},"type":"binary-expr","locations":[{"start":{"line":192,"column":12},"end":{"line":192,"column":24}},{"start":{"line":192,"column":28},"end":{"line":192,"column":62}},{"start":{"line":193,"column":12},"end":{"line":193,"column":67}}],"line":192}},"s":{"0":2,"1":2,"2":21,"3":21,"4":21,"5":21,"6":7,"7":7,"8":7,"9":14,"10":6,"11":6,"12":6,"13":8,"14":8,"15":8,"16":21,"17":2,"18":38,"19":38,"20":38,"21":38,"22":5,"23":5,"24":5,"25":4,"26":1,"27":1,"28":1,"29":0,"30":1,"31":38,"32":10,"33":38,"34":11,"35":8,"36":8,"37":15,"38":38,"39":4,"40":5,"41":2},"f":{"0":21,"1":38,"2":5,"3":10,"4":11,"5":8,"6":15,"7":4,"8":5},"b":{"0":[7,14],"1":[6,8],"2":[4,1],"3":[5,1],"4":[8,5],"5":[0,38],"6":[38,1,37]},"_coverageSchema":"1a1c01bbd47fc00a2c39e90264f33305004495a9","hash":"94c8c1a843f464c5568a0be986eaf3884d29c288"}
,"/Users/emanoeltrevisol/Projects/blaire/src/components/FormErrors.tsx": {"path":"/Users/emanoeltrevisol/Projects/blaire/src/components/FormErrors.tsx","statementMap":{"0":{"start":{"line":17,"column":19},"end":{"line":44,"column":1}},"1":{"start":{"line":23,"column":6},"end":{"line":23,"column":11}},"2":{"start":{"line":24,"column":2},"end":{"line":26,"column":3}},"3":{"start":{"line":25,"column":4},"end":{"line":25,"column":16}},"4":{"start":{"line":28,"column":2},"end":{"line":43,"column":4}},"5":{"start":{"line":46,"column":12},"end":{"line":54,"column":2}}},"fnMap":{"0":{"name":"(anonymous_0)","decl":{"start":{"line":17,"column":19},"end":{"line":17,"column":20}},"loc":{"start":{"line":17,"column":47},"end":{"line":44,"column":1}},"line":17}},"branchMap":{"0":{"loc":{"start":{"line":24,"column":2},"end":{"line":26,"column":3}},"type":"if","locations":[{"start":{"line":24,"column":2},"end":{"line":26,"column":3}},{"start":{"line":24,"column":2},"end":{"line":26,"column":3}}],"line":24},"1":{"loc":{"start":{"line":24,"column":6},"end":{"line":24,"column":22}},"type":"binary-expr","locations":[{"start":{"line":24,"column":6},"end":{"line":24,"column":12}},{"start":{"line":24,"column":16},"end":{"line":24,"column":22}}],"line":24},"2":{"loc":{"start":{"line":30,"column":7},"end":{"line":35,"column":12}},"type":"binary-expr","locations":[{"start":{"line":30,"column":8},"end":{"line":30,"column":16}},{"start":{"line":31,"column":8},"end":{"line":33,"column":15}},{"start":{"line":35,"column":8},"end":{"line":35,"column":12}}],"line":30},"3":{"loc":{"start":{"line":36,"column":7},"end":{"line":41,"column":12}},"type":"binary-expr","locations":[{"start":{"line":36,"column":8},"end":{"line":36,"column":13}},{"start":{"line":37,"column":8},"end":{"line":39,"column":15}},{"start":{"line":41,"column":8},"end":{"line":41,"column":12}}],"line":36}},"s":{"0":3,"1":88,"2":88,"3":66,"4":22,"5":3},"f":{"0":88},"b":{"0":[66,22],"1":[88,74],"2":[22,14,8],"3":[22,13,9]},"_coverageSchema":"1a1c01bbd47fc00a2c39e90264f33305004495a9","hash":"9683c3b68fdea749e2f794d7bd4e17732697db29"}
,"/Users/emanoeltrevisol/Projects/blaire/src/components/posts/PostCard.tsx": {"path":"/Users/emanoeltrevisol/Projects/blaire/src/components/posts/PostCard.tsx","statementMap":{"0":{"start":{"line":5,"column":15},"end":{"line":24,"column":1}},"1":{"start":{"line":6,"column":47},"end":{"line":6,"column":52}},"2":{"start":{"line":8,"column":2},"end":{"line":23,"column":4}},"3":{"start":{"line":26,"column":12},"end":{"line":79,"column":2}}},"fnMap":{"0":{"name":"(anonymous_0)","decl":{"start":{"line":5,"column":15},"end":{"line":5,"column":16}},"loc":{"start":{"line":5,"column":26},"end":{"line":24,"column":1}},"line":5}},"branchMap":{},"s":{"0":3,"1":1,"2":1,"3":3},"f":{"0":1},"b":{},"_coverageSchema":"1a1c01bbd47fc00a2c39e90264f33305004495a9","hash":"36af0dce15dcb3a87d4d985c90f224ecb77ec0be"}
,"/Users/emanoeltrevisol/Projects/blaire/src/components/posts/PostList.tsx": {"path":"/Users/emanoeltrevisol/Projects/blaire/src/components/posts/PostList.tsx","statementMap":{"0":{"start":{"line":12,"column":18},"end":{"line":26,"column":1}},"1":{"start":{"line":13,"column":21},"end":{"line":15,"column":3}},"2":{"start":{"line":14,"column":4},"end":{"line":14,"column":34}},"3":{"start":{"line":17,"column":2},"end":{"line":25,"column":4}},"4":{"start":{"line":22,"column":29},"end":{"line":22,"column":35}}},"fnMap":{"0":{"name":"(anonymous_0)","decl":{"start":{"line":12,"column":18},"end":{"line":12,"column":19}},"loc":{"start":{"line":12,"column":37},"end":{"line":26,"column":1}},"line":12},"1":{"name":"(anonymous_1)","decl":{"start":{"line":13,"column":21},"end":{"line":13,"column":22}},"loc":{"start":{"line":13,"column":51},"end":{"line":15,"column":3}},"line":13},"2":{"name":"(anonymous_2)","decl":{"start":{"line":22,"column":20},"end":{"line":22,"column":21}},"loc":{"start":{"line":22,"column":29},"end":{"line":22,"column":35}},"line":22}},"branchMap":{},"s":{"0":2,"1":3,"2":1,"3":3,"4":0},"f":{"0":3,"1":1,"2":0},"b":{},"_coverageSchema":"1a1c01bbd47fc00a2c39e90264f33305004495a9","hash":"7e1e35c8c400380c59462aa25048f42bf2a6831f"}
,"/Users/emanoeltrevisol/Projects/blaire/src/components/posts/PostListTop.tsx": {"path":"/Users/emanoeltrevisol/Projects/blaire/src/components/posts/PostListTop.tsx","statementMap":{"0":{"start":{"line":17,"column":20},"end":{"line":39,"column":1}},"1":{"start":{"line":18,"column":53},"end":{"line":18,"column":58}},"2":{"start":{"line":20,"column":2},"end":{"line":38,"column":4}},"3":{"start":{"line":41,"column":12},"end":{"line":86,"column":2}}},"fnMap":{"0":{"name":"(anonymous_0)","decl":{"start":{"line":17,"column":20},"end":{"line":17,"column":21}},"loc":{"start":{"line":17,"column":39},"end":{"line":39,"column":1}},"line":17}},"branchMap":{},"s":{"0":2,"1":4,"2":4,"3":2},"f":{"0":4},"b":{},"_coverageSchema":"1a1c01bbd47fc00a2c39e90264f33305004495a9","hash":"83929b1bfb26f6049bd799f10309abd9c16bae84"}
,"/Users/emanoeltrevisol/Projects/blaire/src/config/index.ts": {"path":"/Users/emanoeltrevisol/Projects/blaire/src/config/index.ts","statementMap":{"0":{"start":{"line":1,"column":24},"end":{"line":3,"column":1}}},"fnMap":{},"branchMap":{},"s":{"0":1},"f":{},"b":{},"_coverageSchema":"1a1c01bbd47fc00a2c39e90264f33305004495a9","hash":"c11da71a53189e1ed81a6adf91f847d9528db082"}
,"/Users/emanoeltrevisol/Projects/blaire/src/containers/News.tsx": {"path":"/Users/emanoeltrevisol/Projects/blaire/src/containers/News.tsx","statementMap":{"0":{"start":{"line":4,"column":13},"end":{"line":10,"column":1}},"1":{"start":{"line":5,"column":2},"end":{"line":9,"column":4}}},"fnMap":{"0":{"name":"(anonymous_0)","decl":{"start":{"line":4,"column":13},"end":{"line":4,"column":14}},"loc":{"start":{"line":4,"column":19},"end":{"line":10,"column":1}},"line":4}},"branchMap":{},"s":{"0":1,"1":0},"f":{"0":0},"b":{},"_coverageSchema":"1a1c01bbd47fc00a2c39e90264f33305004495a9","hash":"78e873ee5234f8dd66c841a97d4629f52e18850e"}
,"/Users/emanoeltrevisol/Projects/blaire/src/containers/auth/SignIn.tsx": {"path":"/Users/emanoeltrevisol/Projects/blaire/src/containers/auth/SignIn.tsx","statementMap":{"0":{"start":{"line":16,"column":15},"end":{"line":59,"column":1}},"1":{"start":{"line":17,"column":21},"end":{"line":17,"column":36}},"2":{"start":{"line":19,"column":17},"end":{"line":35,"column":3}},"3":{"start":{"line":26,"column":4},"end":{"line":34,"column":5}},"4":{"start":{"line":27,"column":6},"end":{"line":27,"column":48}},"5":{"start":{"line":28,"column":18},"end":{"line":28,"column":52}},"6":{"start":{"line":29,"column":6},"end":{"line":29,"column":42}},"7":{"start":{"line":30,"column":6},"end":{"line":30,"column":56}},"8":{"start":{"line":31,"column":6},"end":{"line":31,"column":17}},"9":{"start":{"line":33,"column":6},"end":{"line":33,"column":45}},"10":{"start":{"line":37,"column":21},"end":{"line":39,"column":3}},"11":{"start":{"line":38,"column":4},"end":{"line":38,"column":34}},"12":{"start":{"line":41,"column":2},"end":{"line":58,"column":4}},"13":{"start":{"line":61,"column":15},"end":{"line":85,"column":2}}},"fnMap":{"0":{"name":"(anonymous_0)","decl":{"start":{"line":16,"column":15},"end":{"line":16,"column":16}},"loc":{"start":{"line":16,"column":21},"end":{"line":59,"column":1}},"line":16},"1":{"name":"(anonymous_1)","decl":{"start":{"line":19,"column":17},"end":{"line":19,"column":18}},"loc":{"start":{"line":25,"column":8},"end":{"line":35,"column":3}},"line":25},"2":{"name":"(anonymous_2)","decl":{"start":{"line":37,"column":21},"end":{"line":37,"column":22}},"loc":{"start":{"line":37,"column":27},"end":{"line":39,"column":3}},"line":37}},"branchMap":{"0":{"loc":{"start":{"line":30,"column":15},"end":{"line":30,"column":54}},"type":"binary-expr","locations":[{"start":{"line":30,"column":15},"end":{"line":30,"column":35}},{"start":{"line":30,"column":39},"end":{"line":30,"column":54}}],"line":30},"1":{"loc":{"start":{"line":44,"column":16},"end":{"line":44,"column":60}},"type":"cond-expr","locations":[{"start":{"line":44,"column":40},"end":{"line":44,"column":49}},{"start":{"line":44,"column":52},"end":{"line":44,"column":60}}],"line":44}},"s":{"0":1,"1":0,"2":0,"3":0,"4":0,"5":0,"6":0,"7":0,"8":0,"9":0,"10":0,"11":0,"12":0,"13":1},"f":{"0":0,"1":0,"2":0},"b":{"0":[0,0],"1":[0,0]},"_coverageSchema":"1a1c01bbd47fc00a2c39e90264f33305004495a9","hash":"41c598e17660ddc81c78b823d0be2e94ff97a0c1"}
,"/Users/emanoeltrevisol/Projects/blaire/src/containers/auth/SignUp.tsx": {"path":"/Users/emanoeltrevisol/Projects/blaire/src/containers/auth/SignUp.tsx","statementMap":{"0":{"start":{"line":16,"column":15},"end":{"line":57,"column":1}},"1":{"start":{"line":17,"column":21},"end":{"line":17,"column":36}},"2":{"start":{"line":19,"column":17},"end":{"line":32,"column":3}},"3":{"start":{"line":26,"column":4},"end":{"line":31,"column":5}},"4":{"start":{"line":27,"column":18},"end":{"line":27,"column":52}},"5":{"start":{"line":28,"column":6},"end":{"line":28,"column":56}},"6":{"start":{"line":30,"column":6},"end":{"line":30,"column":45}},"7":{"start":{"line":34,"column":2},"end":{"line":56,"column":4}},"8":{"start":{"line":51,"column":12},"end":{"line":51,"column":42}},"9":{"start":{"line":59,"column":15},"end":{"line":83,"column":2}}},"fnMap":{"0":{"name":"(anonymous_0)","decl":{"start":{"line":16,"column":15},"end":{"line":16,"column":16}},"loc":{"start":{"line":16,"column":21},"end":{"line":57,"column":1}},"line":16},"1":{"name":"(anonymous_1)","decl":{"start":{"line":19,"column":17},"end":{"line":19,"column":18}},"loc":{"start":{"line":25,"column":8},"end":{"line":32,"column":3}},"line":25},"2":{"name":"(anonymous_2)","decl":{"start":{"line":50,"column":19},"end":{"line":50,"column":20}},"loc":{"start":{"line":50,"column":25},"end":{"line":52,"column":11}},"line":50}},"branchMap":{"0":{"loc":{"start":{"line":28,"column":15},"end":{"line":28,"column":54}},"type":"binary-expr","locations":[{"start":{"line":28,"column":15},"end":{"line":28,"column":35}},{"start":{"line":28,"column":39},"end":{"line":28,"column":54}}],"line":28},"1":{"loc":{"start":{"line":37,"column":16},"end":{"line":37,"column":60}},"type":"cond-expr","locations":[{"start":{"line":37,"column":40},"end":{"line":37,"column":49}},{"start":{"line":37,"column":52},"end":{"line":37,"column":60}}],"line":37}},"s":{"0":1,"1":0,"2":0,"3":0,"4":0,"5":0,"6":0,"7":0,"8":0,"9":1},"f":{"0":0,"1":0,"2":0},"b":{"0":[0,0],"1":[0,0]},"_coverageSchema":"1a1c01bbd47fc00a2c39e90264f33305004495a9","hash":"cba4814bca2256d85cdb1afbb56b3efe8a43b6aa"}
,"/Users/emanoeltrevisol/Projects/blaire/src/containers/posts/List.tsx": {"path":"/Users/emanoeltrevisol/Projects/blaire/src/containers/posts/List.tsx","statementMap":{"0":{"start":{"line":20,"column":13},"end":{"line":85,"column":1}},"1":{"start":{"line":21,"column":42},"end":{"line":21,"column":66}},"2":{"start":{"line":22,"column":38},"end":{"line":22,"column":58}},"3":{"start":{"line":24,"column":38},"end":{"line":24,"column":43}},"4":{"start":{"line":26,"column":20},"end":{"line":44,"column":3}},"5":{"start":{"line":28,"column":6},"end":{"line":41,"column":7}},"6":{"start":{"line":29,"column":8},"end":{"line":31,"column":9}},"7":{"start":{"line":30,"column":10},"end":{"line":30,"column":32}},"8":{"start":{"line":32,"column":8},"end":{"line":34,"column":38}},"9":{"start":{"line":36,"column":8},"end":{"line":36,"column":47}},"10":{"start":{"line":38,"column":8},"end":{"line":40,"column":9}},"11":{"start":{"line":39,"column":10},"end":{"line":39,"column":33}},"12":{"start":{"line":46,"column":25},"end":{"line":50,"column":3}},"13":{"start":{"line":47,"column":4},"end":{"line":47,"column":48}},"14":{"start":{"line":48,"column":4},"end":{"line":48,"column":26}},"15":{"start":{"line":49,"column":4},"end":{"line":49,"column":24}},"16":{"start":{"line":52,"column":22},"end":{"line":54,"column":9}},"17":{"start":{"line":53,"column":4},"end":{"line":53,"column":39}},"18":{"start":{"line":56,"column":21},"end":{"line":59,"column":3}},"19":{"start":{"line":58,"column":4},"end":{"line":58,"column":33}},"20":{"start":{"line":61,"column":2},"end":{"line":63,"column":18}},"21":{"start":{"line":62,"column":4},"end":{"line":62,"column":21}},"22":{"start":{"line":65,"column":2},"end":{"line":67,"column":3}},"23":{"start":{"line":66,"column":4},"end":{"line":66,"column":59}},"24":{"start":{"line":69,"column":2},"end":{"line":84,"column":4}},"25":{"start":{"line":79,"column":27},"end":{"line":79,"column":42}},"26":{"start":{"line":87,"column":35},"end":{"line":90,"column":1}}},"fnMap":{"0":{"name":"(anonymous_0)","decl":{"start":{"line":20,"column":13},"end":{"line":20,"column":14}},"loc":{"start":{"line":20,"column":32},"end":{"line":85,"column":1}},"line":20},"1":{"name":"(anonymous_1)","decl":{"start":{"line":27,"column":4},"end":{"line":27,"column":5}},"loc":{"start":{"line":27,"column":42},"end":{"line":42,"column":5}},"line":27},"2":{"name":"(anonymous_2)","decl":{"start":{"line":46,"column":25},"end":{"line":46,"column":26}},"loc":{"start":{"line":46,"column":45},"end":{"line":50,"column":3}},"line":46},"3":{"name":"(anonymous_3)","decl":{"start":{"line":52,"column":31},"end":{"line":52,"column":32}},"loc":{"start":{"line":52,"column":43},"end":{"line":54,"column":3}},"line":52},"4":{"name":"(anonymous_4)","decl":{"start":{"line":56,"column":21},"end":{"line":56,"column":22}},"loc":{"start":{"line":56,"column":27},"end":{"line":59,"column":3}},"line":56},"5":{"name":"(anonymous_5)","decl":{"start":{"line":61,"column":12},"end":{"line":61,"column":13}},"loc":{"start":{"line":61,"column":18},"end":{"line":63,"column":3}},"line":61},"6":{"name":"(anonymous_6)","decl":{"start":{"line":79,"column":21},"end":{"line":79,"column":22}},"loc":{"start":{"line":79,"column":27},"end":{"line":79,"column":42}},"line":79},"7":{"name":"(anonymous_7)","decl":{"start":{"line":87,"column":23},"end":{"line":87,"column":24}},"loc":{"start":{"line":87,"column":35},"end":{"line":90,"column":1}},"line":87}},"branchMap":{"0":{"loc":{"start":{"line":27,"column":11},"end":{"line":27,"column":37}},"type":"default-arg","locations":[{"start":{"line":27,"column":32},"end":{"line":27,"column":37}}],"line":27},"1":{"loc":{"start":{"line":29,"column":8},"end":{"line":31,"column":9}},"type":"if","locations":[{"start":{"line":29,"column":8},"end":{"line":31,"column":9}},{"start":{"line":29,"column":8},"end":{"line":31,"column":9}}],"line":29},"2":{"loc":{"start":{"line":32,"column":15},"end":{"line":34,"column":36}},"type":"cond-expr","locations":[{"start":{"line":33,"column":12},"end":{"line":33,"column":50}},{"start":{"line":34,"column":12},"end":{"line":34,"column":36}}],"line":32},"3":{"loc":{"start":{"line":38,"column":8},"end":{"line":40,"column":9}},"type":"if","locations":[{"start":{"line":38,"column":8},"end":{"line":40,"column":9}},{"start":{"line":38,"column":8},"end":{"line":40,"column":9}}],"line":38},"4":{"loc":{"start":{"line":65,"column":2},"end":{"line":67,"column":3}},"type":"if","locations":[{"start":{"line":65,"column":2},"end":{"line":67,"column":3}},{"start":{"line":65,"column":2},"end":{"line":67,"column":3}}],"line":65},"5":{"loc":{"start":{"line":65,"column":6},"end":{"line":65,"column":30}},"type":"binary-expr","locations":[{"start":{"line":65,"column":6},"end":{"line":65,"column":13}},{"start":{"line":65,"column":17},"end":{"line":65,"column":30}}],"line":65}},"s":{"0":1,"1":0,"2":0,"3":0,"4":0,"5":0,"6":0,"7":0,"8":0,"9":0,"10":0,"11":0,"12":0,"13":0,"14":0,"15":0,"16":0,"17":0,"18":0,"19":0,"20":0,"21":0,"22":0,"23":0,"24":0,"25":0,"26":0},"f":{"0":0,"1":0,"2":0,"3":0,"4":0,"5":0,"6":0,"7":0},"b":{"0":[0],"1":[0,0],"2":[0,0],"3":[0,0],"4":[0,0],"5":[0,0]},"_coverageSchema":"1a1c01bbd47fc00a2c39e90264f33305004495a9","hash":"75222390c8e297ffdba2ec9fcf9bc93e2ceda8ba"}
,"/Users/emanoeltrevisol/Projects/blaire/src/models/News.ts": {"path":"/Users/emanoeltrevisol/Projects/blaire/src/models/News.ts","statementMap":{"0":{"start":{"line":32,"column":4},"end":{"line":32,"column":35}},"1":{"start":{"line":33,"column":4},"end":{"line":33,"column":59}},"2":{"start":{"line":34,"column":4},"end":{"line":34,"column":30}},"3":{"start":{"line":35,"column":4},"end":{"line":36,"column":86}}},"fnMap":{"0":{"name":"(anonymous_0)","decl":{"start":{"line":31,"column":2},"end":{"line":31,"column":3}},"loc":{"start":{"line":31,"column":51},"end":{"line":40,"column":3}},"line":31}},"branchMap":{},"s":{"0":6,"1":6,"2":6,"3":6},"f":{"0":6},"b":{},"_coverageSchema":"1a1c01bbd47fc00a2c39e90264f33305004495a9","hash":"3182795dc4837665ee78342a1cf031b90981f97a"}
,"/Users/emanoeltrevisol/Projects/blaire/src/models/Post.ts": {"path":"/Users/emanoeltrevisol/Projects/blaire/src/models/Post.ts","statementMap":{"0":{"start":{"line":3,"column":33},"end":{"line":3,"column":40}},"1":{"start":{"line":30,"column":4},"end":{"line":30,"column":17}},"2":{"start":{"line":31,"column":4},"end":{"line":31,"column":23}},"3":{"start":{"line":32,"column":4},"end":{"line":32,"column":21}},"4":{"start":{"line":34,"column":4},"end":{"line":34,"column":53}},"5":{"start":{"line":35,"column":4},"end":{"line":35,"column":53}},"6":{"start":{"line":37,"column":4},"end":{"line":40,"column":39}},"7":{"start":{"line":46,"column":4},"end":{"line":46,"column":42}},"8":{"start":{"line":50,"column":4},"end":{"line":54,"column":7}}},"fnMap":{"0":{"name":"(anonymous_0)","decl":{"start":{"line":22,"column":2},"end":{"line":22,"column":3}},"loc":{"start":{"line":29,"column":15},"end":{"line":41,"column":3}},"line":29},"1":{"name":"(anonymous_1)","decl":{"start":{"line":45,"column":2},"end":{"line":45,"column":3}},"loc":{"start":{"line":45,"column":16},"end":{"line":47,"column":3}},"line":45},"2":{"name":"(anonymous_2)","decl":{"start":{"line":49,"column":2},"end":{"line":49,"column":3}},"loc":{"start":{"line":49,"column":34},"end":{"line":55,"column":3}},"line":49}},"branchMap":{"0":{"loc":{"start":{"line":38,"column":6},"end":{"line":40,"column":38}},"type":"cond-expr","locations":[{"start":{"line":39,"column":10},"end":{"line":39,"column":28}},{"start":{"line":40,"column":10},"end":{"line":40,"column":38}}],"line":38}},"s":{"0":2,"1":9,"2":9,"3":9,"4":9,"5":9,"6":9,"7":2,"8":1},"f":{"0":9,"1":2,"2":1},"b":{"0":[3,6]},"_coverageSchema":"1a1c01bbd47fc00a2c39e90264f33305004495a9","hash":"fe57120b6401caea6d57c0fb48b00cc40b3b2a5a"}
,"/Users/emanoeltrevisol/Projects/blaire/src/models/fakeData/news.ts": {"path":"/Users/emanoeltrevisol/Projects/blaire/src/models/fakeData/news.ts","statementMap":{"0":{"start":{"line":3,"column":27},"end":{"line":30,"column":1}},"1":{"start":{"line":32,"column":20},"end":{"line":32,"column":67}},"2":{"start":{"line":32,"column":48},"end":{"line":32,"column":66}}},"fnMap":{"0":{"name":"(anonymous_0)","decl":{"start":{"line":32,"column":41},"end":{"line":32,"column":42}},"loc":{"start":{"line":32,"column":48},"end":{"line":32,"column":66}},"line":32}},"branchMap":{},"s":{"0":2,"1":2,"2":4},"f":{"0":4},"b":{},"_coverageSchema":"1a1c01bbd47fc00a2c39e90264f33305004495a9","hash":"9068a6297b518dedefab597051a4f8d3f107cb07"}
,"/Users/emanoeltrevisol/Projects/blaire/src/routes/Auth.tsx": {"path":"/Users/emanoeltrevisol/Projects/blaire/src/routes/Auth.tsx","statementMap":{"0":{"start":{"line":6,"column":14},"end":{"line":6,"column":36}},"1":{"start":{"line":10,"column":4},"end":{"line":23,"column":6}}},"fnMap":{"0":{"name":"(anonymous_0)","decl":{"start":{"line":9,"column":2},"end":{"line":9,"column":3}},"loc":{"start":{"line":9,"column":11},"end":{"line":24,"column":3}},"line":9}},"branchMap":{},"s":{"0":1,"1":0},"f":{"0":0},"b":{},"_coverageSchema":"1a1c01bbd47fc00a2c39e90264f33305004495a9","hash":"d28b0814399ad3743afd2503a0ebe840831df004"}
,"/Users/emanoeltrevisol/Projects/blaire/src/routes/Home.tsx": {"path":"/Users/emanoeltrevisol/Projects/blaire/src/routes/Home.tsx","statementMap":{"0":{"start":{"line":6,"column":12},"end":{"line":6,"column":38}},"1":{"start":{"line":10,"column":4},"end":{"line":24,"column":6}}},"fnMap":{"0":{"name":"(anonymous_0)","decl":{"start":{"line":9,"column":2},"end":{"line":9,"column":3}},"loc":{"start":{"line":9,"column":11},"end":{"line":25,"column":3}},"line":9}},"branchMap":{},"s":{"0":1,"1":0},"f":{"0":0},"b":{},"_coverageSchema":"1a1c01bbd47fc00a2c39e90264f33305004495a9","hash":"4197901f61839ef0b42c2220103c883a976bc133"}
,"/Users/emanoeltrevisol/Projects/blaire/src/routes/Profile.tsx": {"path":"/Users/emanoeltrevisol/Projects/blaire/src/routes/Profile.tsx","statementMap":{"0":{"start":{"line":5,"column":16},"end":{"line":12,"column":1}},"1":{"start":{"line":6,"column":2},"end":{"line":11,"column":4}},"2":{"start":{"line":14,"column":12},"end":{"line":20,"column":2}}},"fnMap":{"0":{"name":"(anonymous_0)","decl":{"start":{"line":5,"column":16},"end":{"line":5,"column":17}},"loc":{"start":{"line":5,"column":22},"end":{"line":12,"column":1}},"line":5}},"branchMap":{},"s":{"0":1,"1":0,"2":1},"f":{"0":0},"b":{},"_coverageSchema":"1a1c01bbd47fc00a2c39e90264f33305004495a9","hash":"72c5a85ba9d6a18bc9378e71bf20d9f7e3bdcd02"}
,"/Users/emanoeltrevisol/Projects/blaire/src/routes/index.tsx": {"path":"/Users/emanoeltrevisol/Projects/blaire/src/routes/index.tsx","statementMap":{"0":{"start":{"line":20,"column":4},"end":{"line":20,"column":17}},"1":{"start":{"line":21,"column":4},"end":{"line":21,"column":41}},"2":{"start":{"line":25,"column":4},"end":{"line":25,"column":21}},"3":{"start":{"line":29,"column":30},"end":{"line":29,"column":40}},"4":{"start":{"line":31,"column":4},"end":{"line":37,"column":5}},"5":{"start":{"line":32,"column":6},"end":{"line":36,"column":8}},"6":{"start":{"line":39,"column":4},"end":{"line":41,"column":5}},"7":{"start":{"line":40,"column":6},"end":{"line":40,"column":28}},"8":{"start":{"line":43,"column":4},"end":{"line":43,"column":26}},"9":{"start":{"line":47,"column":15},"end":{"line":53,"column":2}},"10":{"start":{"line":55,"column":35},"end":{"line":58,"column":1}}},"fnMap":{"0":{"name":"(anonymous_0)","decl":{"start":{"line":19,"column":2},"end":{"line":19,"column":3}},"loc":{"start":{"line":19,"column":34},"end":{"line":22,"column":3}},"line":19},"1":{"name":"(anonymous_1)","decl":{"start":{"line":24,"column":2},"end":{"line":24,"column":3}},"loc":{"start":{"line":24,"column":22},"end":{"line":26,"column":3}},"line":24},"2":{"name":"(anonymous_2)","decl":{"start":{"line":28,"column":2},"end":{"line":28,"column":3}},"loc":{"start":{"line":28,"column":11},"end":{"line":44,"column":3}},"line":28},"3":{"name":"(anonymous_3)","decl":{"start":{"line":55,"column":23},"end":{"line":55,"column":24}},"loc":{"start":{"line":55,"column":35},"end":{"line":58,"column":1}},"line":55}},"branchMap":{"0":{"loc":{"start":{"line":31,"column":4},"end":{"line":37,"column":5}},"type":"if","locations":[{"start":{"line":31,"column":4},"end":{"line":37,"column":5}},{"start":{"line":31,"column":4},"end":{"line":37,"column":5}}],"line":31},"1":{"loc":{"start":{"line":39,"column":4},"end":{"line":41,"column":5}},"type":"if","locations":[{"start":{"line":39,"column":4},"end":{"line":41,"column":5}},{"start":{"line":39,"column":4},"end":{"line":41,"column":5}}],"line":39},"2":{"loc":{"start":{"line":39,"column":8},"end":{"line":39,"column":28}},"type":"binary-expr","locations":[{"start":{"line":39,"column":8},"end":{"line":39,"column":13}},{"start":{"line":39,"column":17},"end":{"line":39,"column":28}}],"line":39}},"s":{"0":1,"1":1,"2":1,"3":1,"4":1,"5":1,"6":0,"7":0,"8":0,"9":1,"10":2},"f":{"0":1,"1":1,"2":1,"3":2},"b":{"0":[1,0],"1":[0,0],"2":[0,0]},"_coverageSchema":"1a1c01bbd47fc00a2c39e90264f33305004495a9","hash":"764ce7c2848dd960ff534dffd763c7e337dc7426"}
,"/Users/emanoeltrevisol/Projects/blaire/src/store/index.ts": {"path":"/Users/emanoeltrevisol/Projects/blaire/src/store/index.ts","statementMap":{"0":{"start":{"line":7,"column":17},"end":{"line":11,"column":2}},"1":{"start":{"line":13,"column":14},"end":{"line":13,"column":59}}},"fnMap":{},"branchMap":{},"s":{"0":1,"1":1},"f":{},"b":{},"_coverageSchema":"1a1c01bbd47fc00a2c39e90264f33305004495a9","hash":"784eeaa4f4ee5bf5fa56e20b540c8344e0309915"}
,"/Users/emanoeltrevisol/Projects/blaire/src/store/auth/actions.ts": {"path":"/Users/emanoeltrevisol/Projects/blaire/src/store/auth/actions.ts","statementMap":{"0":{"start":{"line":5,"column":2},"end":{"line":8,"column":4}}},"fnMap":{"0":{"name":"setUserInfo","decl":{"start":{"line":4,"column":16},"end":{"line":4,"column":27}},"loc":{"start":{"line":4,"column":65},"end":{"line":9,"column":1}},"line":4}},"branchMap":{},"s":{"0":1},"f":{"0":1},"b":{},"_coverageSchema":"1a1c01bbd47fc00a2c39e90264f33305004495a9","hash":"9cc20e7a6e0130521b9470474f635d3e25fa5379"}
,"/Users/emanoeltrevisol/Projects/blaire/src/store/auth/reducer.ts": {"path":"/Users/emanoeltrevisol/Projects/blaire/src/store/auth/reducer.ts","statementMap":{"0":{"start":{"line":5,"column":2},"end":{"line":17,"column":3}},"1":{"start":{"line":7,"column":6},"end":{"line":10,"column":8}},"2":{"start":{"line":12,"column":6},"end":{"line":14,"column":8}},"3":{"start":{"line":16,"column":6},"end":{"line":16,"column":19}}},"fnMap":{"0":{"name":"(anonymous_0)","decl":{"start":{"line":4,"column":15},"end":{"line":4,"column":16}},"loc":{"start":{"line":4,"column":72},"end":{"line":18,"column":1}},"line":4}},"branchMap":{"0":{"loc":{"start":{"line":4,"column":25},"end":{"line":4,"column":45}},"type":"default-arg","locations":[{"start":{"line":4,"column":33},"end":{"line":4,"column":45}}],"line":4},"1":{"loc":{"start":{"line":5,"column":2},"end":{"line":17,"column":3}},"type":"switch","locations":[{"start":{"line":6,"column":4},"end":{"line":10,"column":8}},{"start":{"line":11,"column":4},"end":{"line":14,"column":8}},{"start":{"line":15,"column":4},"end":{"line":16,"column":19}}],"line":5}},"s":{"0":6,"1":1,"2":1,"3":4},"f":{"0":6},"b":{"0":[3],"1":[1,1,4]},"_coverageSchema":"1a1c01bbd47fc00a2c39e90264f33305004495a9","hash":"e978bc47fa1e578ec2e7a273b90b1c0e441e0e7a"}
,"/Users/emanoeltrevisol/Projects/blaire/src/store/auth/state.ts": {"path":"/Users/emanoeltrevisol/Projects/blaire/src/store/auth/state.ts","statementMap":{},"fnMap":{},"branchMap":{},"s":{},"f":{},"b":{},"_coverageSchema":"1a1c01bbd47fc00a2c39e90264f33305004495a9","hash":"1871793cfd413fe58b39d03e52767fe2858523bf"}
,"/Users/emanoeltrevisol/Projects/blaire/src/store/auth/types.ts": {"path":"/Users/emanoeltrevisol/Projects/blaire/src/store/auth/types.ts","statementMap":{},"fnMap":{},"branchMap":{},"s":{},"f":{},"b":{},"_coverageSchema":"1a1c01bbd47fc00a2c39e90264f33305004495a9","hash":"ae923b50c4c807e572299af71a91cbab57060a03"}
,"/Users/emanoeltrevisol/Projects/blaire/src/store/form/reducer.ts": {"path":"/Users/emanoeltrevisol/Projects/blaire/src/store/form/reducer.ts","statementMap":{"0":{"start":{"line":8,"column":2},"end":{"line":30,"column":3}},"1":{"start":{"line":10,"column":6},"end":{"line":13,"column":8}},"2":{"start":{"line":15,"column":6},"end":{"line":18,"column":8}},"3":{"start":{"line":20,"column":6},"end":{"line":27,"column":8}},"4":{"start":{"line":29,"column":6},"end":{"line":29,"column":19}}},"fnMap":{"0":{"name":"formReducer","decl":{"start":{"line":4,"column":16},"end":{"line":4,"column":27}},"loc":{"start":{"line":7,"column":23},"end":{"line":31,"column":1}},"line":7}},"branchMap":{"0":{"loc":{"start":{"line":5,"column":2},"end":{"line":5,"column":22}},"type":"default-arg","locations":[{"start":{"line":5,"column":10},"end":{"line":5,"column":22}}],"line":5},"1":{"loc":{"start":{"line":8,"column":2},"end":{"line":30,"column":3}},"type":"switch","locations":[{"start":{"line":9,"column":4},"end":{"line":13,"column":8}},{"start":{"line":14,"column":4},"end":{"line":18,"column":8}},{"start":{"line":19,"column":4},"end":{"line":27,"column":8}},{"start":{"line":28,"column":4},"end":{"line":29,"column":19}}],"line":8},"2":{"loc":{"start":{"line":25,"column":14},"end":{"line":25,"column":41}},"type":"binary-expr","locations":[{"start":{"line":25,"column":14},"end":{"line":25,"column":35}},{"start":{"line":25,"column":39},"end":{"line":25,"column":41}}],"line":25}},"s":{"0":51,"1":9,"2":21,"3":21,"4":0},"f":{"0":51},"b":{"0":[0],"1":[9,21,21,0],"2":[21,0]},"_coverageSchema":"1a1c01bbd47fc00a2c39e90264f33305004495a9","hash":"5e0bab33a4d97b89a55bc576e72cb039c82075e0"}
,"/Users/emanoeltrevisol/Projects/blaire/src/store/form/state.ts": {"path":"/Users/emanoeltrevisol/Projects/blaire/src/store/form/state.ts","statementMap":{},"fnMap":{},"branchMap":{},"s":{},"f":{},"b":{},"_coverageSchema":"1a1c01bbd47fc00a2c39e90264f33305004495a9","hash":"0bb96b0a57909ac9b7b25385a2026a6315fe6c5d"}
,"/Users/emanoeltrevisol/Projects/blaire/src/store/form/types.ts": {"path":"/Users/emanoeltrevisol/Projects/blaire/src/store/form/types.ts","statementMap":{},"fnMap":{},"branchMap":{},"s":{},"f":{},"b":{},"_coverageSchema":"1a1c01bbd47fc00a2c39e90264f33305004495a9","hash":"f4a7b14f44abe4db663fb9e36fd124297976f30f"}
,"/Users/emanoeltrevisol/Projects/blaire/src/store/loader/actions.ts": {"path":"/Users/emanoeltrevisol/Projects/blaire/src/store/loader/actions.ts","statementMap":{"0":{"start":{"line":4,"column":2},"end":{"line":9,"column":4}},"1":{"start":{"line":13,"column":2},"end":{"line":18,"column":4}},"2":{"start":{"line":22,"column":2},"end":{"line":27,"column":4}}},"fnMap":{"0":{"name":"setAppLoading","decl":{"start":{"line":3,"column":16},"end":{"line":3,"column":29}},"loc":{"start":{"line":3,"column":48},"end":{"line":10,"column":1}},"line":3},"1":{"name":"setNewsLoading","decl":{"start":{"line":12,"column":16},"end":{"line":12,"column":30}},"loc":{"start":{"line":12,"column":49},"end":{"line":19,"column":1}},"line":12},"2":{"name":"setPostsLoading","decl":{"start":{"line":21,"column":16},"end":{"line":21,"column":31}},"loc":{"start":{"line":21,"column":50},"end":{"line":28,"column":1}},"line":21}},"branchMap":{},"s":{"0":2,"1":3,"2":3},"f":{"0":2,"1":3,"2":3},"b":{},"_coverageSchema":"1a1c01bbd47fc00a2c39e90264f33305004495a9","hash":"94fb7a019e20845f349b1373382e63b89aaa6d19"}
,"/Users/emanoeltrevisol/Projects/blaire/src/store/loader/reducer.ts": {"path":"/Users/emanoeltrevisol/Projects/blaire/src/store/loader/reducer.ts","statementMap":{"0":{"start":{"line":5,"column":2},"end":{"line":23,"column":3}},"1":{"start":{"line":7,"column":6},"end":{"line":10,"column":8}},"2":{"start":{"line":12,"column":6},"end":{"line":15,"column":8}},"3":{"start":{"line":17,"column":6},"end":{"line":20,"column":8}},"4":{"start":{"line":22,"column":6},"end":{"line":22,"column":19}}},"fnMap":{"0":{"name":"(anonymous_0)","decl":{"start":{"line":4,"column":15},"end":{"line":4,"column":16}},"loc":{"start":{"line":4,"column":74},"end":{"line":24,"column":1}},"line":4}},"branchMap":{"0":{"loc":{"start":{"line":4,"column":25},"end":{"line":4,"column":45}},"type":"default-arg","locations":[{"start":{"line":4,"column":33},"end":{"line":4,"column":45}}],"line":4},"1":{"loc":{"start":{"line":5,"column":2},"end":{"line":23,"column":3}},"type":"switch","locations":[{"start":{"line":6,"column":4},"end":{"line":10,"column":8}},{"start":{"line":11,"column":4},"end":{"line":15,"column":8}},{"start":{"line":16,"column":4},"end":{"line":20,"column":8}},{"start":{"line":21,"column":4},"end":{"line":22,"column":19}}],"line":5}},"s":{"0":7,"1":2,"2":1,"3":1,"4":3},"f":{"0":7},"b":{"0":[3],"1":[2,1,1,3]},"_coverageSchema":"1a1c01bbd47fc00a2c39e90264f33305004495a9","hash":"becb265b7b2fe5403fdb3a31c268ae441a89d238"}
,"/Users/emanoeltrevisol/Projects/blaire/src/store/loader/state.ts": {"path":"/Users/emanoeltrevisol/Projects/blaire/src/store/loader/state.ts","statementMap":{},"fnMap":{},"branchMap":{},"s":{},"f":{},"b":{},"_coverageSchema":"1a1c01bbd47fc00a2c39e90264f33305004495a9","hash":"855bd2848bd5c92640a9cd68746da209390e2907"}
,"/Users/emanoeltrevisol/Projects/blaire/src/store/loader/types.ts": {"path":"/Users/emanoeltrevisol/Projects/blaire/src/store/loader/types.ts","statementMap":{},"fnMap":{},"branchMap":{},"s":{},"f":{},"b":{},"_coverageSchema":"1a1c01bbd47fc00a2c39e90264f33305004495a9","hash":"c237516759c091d110442fe1db46dc1a3d7484e7"}
,"/Users/emanoeltrevisol/Projects/blaire/src/store/news/actions.ts": {"path":"/Users/emanoeltrevisol/Projects/blaire/src/store/news/actions.ts","statementMap":{"0":{"start":{"line":7,"column":2},"end":{"line":22,"column":4}},"1":{"start":{"line":8,"column":4},"end":{"line":21,"column":5}},"2":{"start":{"line":9,"column":6},"end":{"line":9,"column":37}},"3":{"start":{"line":11,"column":18},"end":{"line":11,"column":33}},"4":{"start":{"line":13,"column":19},"end":{"line":13,"column":58}},"5":{"start":{"line":13,"column":39},"end":{"line":13,"column":57}},"6":{"start":{"line":15,"column":6},"end":{"line":15,"column":34}},"7":{"start":{"line":18,"column":6},"end":{"line":18,"column":25}},"8":{"start":{"line":20,"column":6},"end":{"line":20,"column":38}},"9":{"start":{"line":26,"column":2},"end":{"line":31,"column":4}}},"fnMap":{"0":{"name":"getLatestNews","decl":{"start":{"line":6,"column":16},"end":{"line":6,"column":29}},"loc":{"start":{"line":6,"column":32},"end":{"line":23,"column":1}},"line":6},"1":{"name":"(anonymous_1)","decl":{"start":{"line":7,"column":9},"end":{"line":7,"column":10}},"loc":{"start":{"line":7,"column":29},"end":{"line":22,"column":3}},"line":7},"2":{"name":"(anonymous_2)","decl":{"start":{"line":13,"column":32},"end":{"line":13,"column":33}},"loc":{"start":{"line":13,"column":39},"end":{"line":13,"column":57}},"line":13},"3":{"name":"setNewsList","decl":{"start":{"line":25,"column":16},"end":{"line":25,"column":27}},"loc":{"start":{"line":25,"column":43},"end":{"line":32,"column":1}},"line":25}},"branchMap":{},"s":{"0":1,"1":1,"2":1,"3":1,"4":1,"5":2,"6":1,"7":0,"8":1,"9":2},"f":{"0":1,"1":1,"2":2,"3":2},"b":{},"_coverageSchema":"1a1c01bbd47fc00a2c39e90264f33305004495a9","hash":"b7bc8d04e9003ee4d1d57e85031ad3cad5da1e9c"}
,"/Users/emanoeltrevisol/Projects/blaire/src/store/news/reducer.ts": {"path":"/Users/emanoeltrevisol/Projects/blaire/src/store/news/reducer.ts","statementMap":{"0":{"start":{"line":5,"column":2},"end":{"line":13,"column":3}},"1":{"start":{"line":7,"column":6},"end":{"line":10,"column":8}},"2":{"start":{"line":12,"column":6},"end":{"line":12,"column":19}}},"fnMap":{"0":{"name":"(anonymous_0)","decl":{"start":{"line":4,"column":15},"end":{"line":4,"column":16}},"loc":{"start":{"line":4,"column":72},"end":{"line":14,"column":1}},"line":4}},"branchMap":{"0":{"loc":{"start":{"line":4,"column":25},"end":{"line":4,"column":45}},"type":"default-arg","locations":[{"start":{"line":4,"column":33},"end":{"line":4,"column":45}}],"line":4},"1":{"loc":{"start":{"line":5,"column":2},"end":{"line":13,"column":3}},"type":"switch","locations":[{"start":{"line":6,"column":4},"end":{"line":10,"column":8}},{"start":{"line":11,"column":4},"end":{"line":12,"column":19}}],"line":5}},"s":{"0":1,"1":1,"2":0},"f":{"0":1},"b":{"0":[0],"1":[1,0]},"_coverageSchema":"1a1c01bbd47fc00a2c39e90264f33305004495a9","hash":"3cf765bb28b7260eb937ddaf9e4b8d2cfc07ad35"}
,"/Users/emanoeltrevisol/Projects/blaire/src/store/news/state.ts": {"path":"/Users/emanoeltrevisol/Projects/blaire/src/store/news/state.ts","statementMap":{},"fnMap":{},"branchMap":{},"s":{},"f":{},"b":{},"_coverageSchema":"1a1c01bbd47fc00a2c39e90264f33305004495a9","hash":"2d9806c371791a1c482e942517e3285503fdaa61"}
,"/Users/emanoeltrevisol/Projects/blaire/src/store/news/types.ts": {"path":"/Users/emanoeltrevisol/Projects/blaire/src/store/news/types.ts","statementMap":{},"fnMap":{},"branchMap":{},"s":{},"f":{},"b":{},"_coverageSchema":"1a1c01bbd47fc00a2c39e90264f33305004495a9","hash":"6ba27ffe3b9de39af6fdc424e9c4ea6582989965"}
,"/Users/emanoeltrevisol/Projects/blaire/src/store/posts/actions.ts": {"path":"/Users/emanoeltrevisol/Projects/blaire/src/store/posts/actions.ts","statementMap":{"0":{"start":{"line":6,"column":19},"end":{"line":6,"column":34}},"1":{"start":{"line":10,"column":2},"end":{"line":15,"column":4}},"2":{"start":{"line":20,"column":2},"end":{"line":25,"column":4}},"3":{"start":{"line":29,"column":2},"end":{"line":35,"column":4}},"4":{"start":{"line":39,"column":2},"end":{"line":44,"column":4}},"5":{"start":{"line":48,"column":2},"end":{"line":56,"column":4}},"6":{"start":{"line":49,"column":4},"end":{"line":55,"column":5}},"7":{"start":{"line":50,"column":20},"end":{"line":50,"column":60}},"8":{"start":{"line":52,"column":6},"end":{"line":52,"column":36}},"9":{"start":{"line":54,"column":6},"end":{"line":54,"column":62}},"10":{"start":{"line":60,"column":2},"end":{"line":73,"column":4}},"11":{"start":{"line":61,"column":4},"end":{"line":72,"column":5}},"12":{"start":{"line":62,"column":6},"end":{"line":62,"column":38}},"13":{"start":{"line":64,"column":20},"end":{"line":64,"column":46}},"14":{"start":{"line":66,"column":6},"end":{"line":66,"column":36}},"15":{"start":{"line":68,"column":6},"end":{"line":68,"column":52}},"16":{"start":{"line":69,"column":6},"end":{"line":69,"column":18}},"17":{"start":{"line":71,"column":6},"end":{"line":71,"column":39}}},"fnMap":{"0":{"name":"setPostsList","decl":{"start":{"line":9,"column":16},"end":{"line":9,"column":28}},"loc":{"start":{"line":9,"column":44},"end":{"line":16,"column":1}},"line":9},"1":{"name":"setDetailPost","decl":{"start":{"line":18,"column":16},"end":{"line":18,"column":29}},"loc":{"start":{"line":18,"column":46},"end":{"line":26,"column":1}},"line":18},"2":{"name":"updatePost","decl":{"start":{"line":28,"column":16},"end":{"line":28,"column":26}},"loc":{"start":{"line":28,"column":67},"end":{"line":36,"column":1}},"line":28},"3":{"name":"deletePost","decl":{"start":{"line":38,"column":16},"end":{"line":38,"column":26}},"loc":{"start":{"line":38,"column":43},"end":{"line":45,"column":1}},"line":38},"4":{"name":"getPostsByFilter","decl":{"start":{"line":47,"column":16},"end":{"line":47,"column":32}},"loc":{"start":{"line":47,"column":49},"end":{"line":57,"column":1}},"line":47},"5":{"name":"(anonymous_5)","decl":{"start":{"line":48,"column":9},"end":{"line":48,"column":10}},"loc":{"start":{"line":48,"column":29},"end":{"line":56,"column":3}},"line":48},"6":{"name":"getPostsList","decl":{"start":{"line":59,"column":16},"end":{"line":59,"column":28}},"loc":{"start":{"line":59,"column":31},"end":{"line":74,"column":1}},"line":59},"7":{"name":"(anonymous_7)","decl":{"start":{"line":60,"column":9},"end":{"line":60,"column":10}},"loc":{"start":{"line":60,"column":29},"end":{"line":73,"column":3}},"line":60}},"branchMap":{},"s":{"0":2,"1":3,"2":0,"3":0,"4":0,"5":1,"6":1,"7":1,"8":1,"9":0,"10":1,"11":1,"12":1,"13":1,"14":1,"15":0,"16":0,"17":1},"f":{"0":3,"1":0,"2":0,"3":0,"4":1,"5":1,"6":1,"7":1},"b":{},"_coverageSchema":"1a1c01bbd47fc00a2c39e90264f33305004495a9","hash":"82edb6998d806564748302527dd7e59dbc27dee8"}
,"/Users/emanoeltrevisol/Projects/blaire/src/store/posts/reducer.ts": {"path":"/Users/emanoeltrevisol/Projects/blaire/src/store/posts/reducer.ts","statementMap":{"0":{"start":{"line":5,"column":2},"end":{"line":31,"column":3}},"1":{"start":{"line":7,"column":6},"end":{"line":10,"column":8}},"2":{"start":{"line":12,"column":6},"end":{"line":15,"column":8}},"3":{"start":{"line":18,"column":6},"end":{"line":21,"column":8}},"4":{"start":{"line":23,"column":21},"end":{"line":23,"column":42}},"5":{"start":{"line":25,"column":6},"end":{"line":28,"column":8}},"6":{"start":{"line":27,"column":42},"end":{"line":27,"column":60}},"7":{"start":{"line":30,"column":6},"end":{"line":30,"column":19}}},"fnMap":{"0":{"name":"(anonymous_0)","decl":{"start":{"line":4,"column":15},"end":{"line":4,"column":16}},"loc":{"start":{"line":4,"column":72},"end":{"line":32,"column":1}},"line":4},"1":{"name":"(anonymous_1)","decl":{"start":{"line":27,"column":32},"end":{"line":27,"column":33}},"loc":{"start":{"line":27,"column":42},"end":{"line":27,"column":60}},"line":27}},"branchMap":{"0":{"loc":{"start":{"line":4,"column":25},"end":{"line":4,"column":45}},"type":"default-arg","locations":[{"start":{"line":4,"column":33},"end":{"line":4,"column":45}}],"line":4},"1":{"loc":{"start":{"line":5,"column":2},"end":{"line":31,"column":3}},"type":"switch","locations":[{"start":{"line":6,"column":4},"end":{"line":10,"column":8}},{"start":{"line":11,"column":4},"end":{"line":15,"column":8}},{"start":{"line":16,"column":4},"end":{"line":21,"column":8}},{"start":{"line":22,"column":4},"end":{"line":28,"column":8}},{"start":{"line":29,"column":4},"end":{"line":30,"column":19}}],"line":5}},"s":{"0":4,"1":0,"2":0,"3":0,"4":0,"5":0,"6":0,"7":4},"f":{"0":4,"1":0},"b":{"0":[3],"1":[0,0,0,0,4]},"_coverageSchema":"1a1c01bbd47fc00a2c39e90264f33305004495a9","hash":"30de10bfd1fa16807c1c6c23ec644bb0197e6668"}
,"/Users/emanoeltrevisol/Projects/blaire/src/store/posts/state.ts": {"path":"/Users/emanoeltrevisol/Projects/blaire/src/store/posts/state.ts","statementMap":{},"fnMap":{},"branchMap":{},"s":{},"f":{},"b":{},"_coverageSchema":"1a1c01bbd47fc00a2c39e90264f33305004495a9","hash":"644dcead4aeae737afbc8b8b37f5dbb79a4498c5"}
,"/Users/emanoeltrevisol/Projects/blaire/src/store/posts/types.ts": {"path":"/Users/emanoeltrevisol/Projects/blaire/src/store/posts/types.ts","statementMap":{},"fnMap":{},"branchMap":{},"s":{},"f":{},"b":{},"_coverageSchema":"1a1c01bbd47fc00a2c39e90264f33305004495a9","hash":"1170d0e8188e485868833422cf9dc35f7f196136"}
,"/Users/emanoeltrevisol/Projects/blaire/src/utils/Toaster.ts": {"path":"/Users/emanoeltrevisol/Projects/blaire/src/utils/Toaster.ts","statementMap":{"0":{"start":{"line":4,"column":2},"end":{"line":4,"column":58}},"1":{"start":{"line":8,"column":2},"end":{"line":8,"column":64}}},"fnMap":{"0":{"name":"onSignUp","decl":{"start":{"line":3,"column":16},"end":{"line":3,"column":24}},"loc":{"start":{"line":3,"column":43},"end":{"line":5,"column":1}},"line":3},"1":{"name":"onSignIn","decl":{"start":{"line":7,"column":16},"end":{"line":7,"column":24}},"loc":{"start":{"line":7,"column":43},"end":{"line":9,"column":1}},"line":7}},"branchMap":{},"s":{"0":1,"1":1},"f":{"0":1,"1":1},"b":{},"_coverageSchema":"1a1c01bbd47fc00a2c39e90264f33305004495a9","hash":"7c03519e500c06ea703d4cb76d11cc574c466b0c"}
,"/Users/emanoeltrevisol/Projects/blaire/src/utils/firebase/Auth.ts": {"path":"/Users/emanoeltrevisol/Projects/blaire/src/utils/firebase/Auth.ts","statementMap":{"0":{"start":{"line":9,"column":4},"end":{"line":9,"column":66}},"1":{"start":{"line":13,"column":4},"end":{"line":13,"column":62}},"2":{"start":{"line":17,"column":4},"end":{"line":17,"column":28}},"3":{"start":{"line":21,"column":4},"end":{"line":21,"column":29}},"4":{"start":{"line":25,"column":4},"end":{"line":25,"column":39}},"5":{"start":{"line":26,"column":4},"end":{"line":26,"column":28}},"6":{"start":{"line":30,"column":4},"end":{"line":30,"column":18}},"7":{"start":{"line":34,"column":4},"end":{"line":34,"column":33}},"8":{"start":{"line":38,"column":4},"end":{"line":41,"column":7}},"9":{"start":{"line":39,"column":6},"end":{"line":39,"column":42}},"10":{"start":{"line":40,"column":6},"end":{"line":40,"column":39}}},"fnMap":{"0":{"name":"(anonymous_0)","decl":{"start":{"line":8,"column":2},"end":{"line":8,"column":3}},"loc":{"start":{"line":8,"column":49},"end":{"line":10,"column":3}},"line":8},"1":{"name":"(anonymous_1)","decl":{"start":{"line":12,"column":2},"end":{"line":12,"column":3}},"loc":{"start":{"line":12,"column":49},"end":{"line":14,"column":3}},"line":12},"2":{"name":"(anonymous_2)","decl":{"start":{"line":16,"column":2},"end":{"line":16,"column":3}},"loc":{"start":{"line":16,"column":18},"end":{"line":18,"column":3}},"line":16},"3":{"name":"(anonymous_3)","decl":{"start":{"line":20,"column":2},"end":{"line":20,"column":3}},"loc":{"start":{"line":20,"column":34},"end":{"line":22,"column":3}},"line":20},"4":{"name":"(anonymous_4)","decl":{"start":{"line":24,"column":2},"end":{"line":24,"column":3}},"loc":{"start":{"line":24,"column":9},"end":{"line":27,"column":3}},"line":24},"5":{"name":"(anonymous_5)","decl":{"start":{"line":29,"column":2},"end":{"line":29,"column":3}},"loc":{"start":{"line":29,"column":13},"end":{"line":31,"column":3}},"line":29},"6":{"name":"(anonymous_6)","decl":{"start":{"line":33,"column":2},"end":{"line":33,"column":3}},"loc":{"start":{"line":33,"column":13},"end":{"line":35,"column":3}},"line":33},"7":{"name":"(anonymous_7)","decl":{"start":{"line":37,"column":2},"end":{"line":37,"column":3}},"loc":{"start":{"line":37,"column":28},"end":{"line":42,"column":3}},"line":37},"8":{"name":"(anonymous_8)","decl":{"start":{"line":38,"column":33},"end":{"line":38,"column":34}},"loc":{"start":{"line":38,"column":43},"end":{"line":41,"column":5}},"line":38}},"branchMap":{},"s":{"0":0,"1":0,"2":0,"3":1,"4":1,"5":1,"6":1,"7":0,"8":1,"9":0,"10":0},"f":{"0":0,"1":0,"2":0,"3":1,"4":1,"5":1,"6":0,"7":1,"8":0},"b":{},"_coverageSchema":"1a1c01bbd47fc00a2c39e90264f33305004495a9","hash":"957982b81d88a04a8fb409e009cb1caa3beab460"}
,"/Users/emanoeltrevisol/Projects/blaire/src/utils/firebase/Firestore.ts": {"path":"/Users/emanoeltrevisol/Projects/blaire/src/utils/firebase/Firestore.ts","statementMap":{"0":{"start":{"line":10,"column":4},"end":{"line":10,"column":41}},"1":{"start":{"line":11,"column":4},"end":{"line":11,"column":23}},"2":{"start":{"line":15,"column":4},"end":{"line":15,"column":55}},"3":{"start":{"line":19,"column":24},"end":{"line":19,"column":26}},"4":{"start":{"line":20,"column":4},"end":{"line":23,"column":5}},"5":{"start":{"line":22,"column":6},"end":{"line":22,"column":65}},"6":{"start":{"line":25,"column":4},"end":{"line":25,"column":18}},"7":{"start":{"line":30,"column":19},"end":{"line":30,"column":46}},"8":{"start":{"line":32,"column":4},"end":{"line":32,"column":34}},"9":{"start":{"line":44,"column":19},"end":{"line":47,"column":12}},"10":{"start":{"line":49,"column":4},"end":{"line":49,"column":34}},"11":{"start":{"line":53,"column":4},"end":{"line":53,"column":35}}},"fnMap":{"0":{"name":"(anonymous_0)","decl":{"start":{"line":9,"column":2},"end":{"line":9,"column":3}},"loc":{"start":{"line":9,"column":48},"end":{"line":12,"column":3}},"line":9},"1":{"name":"(anonymous_1)","decl":{"start":{"line":14,"column":2},"end":{"line":14,"column":3}},"loc":{"start":{"line":14,"column":19},"end":{"line":16,"column":3}},"line":14},"2":{"name":"(anonymous_2)","decl":{"start":{"line":18,"column":2},"end":{"line":18,"column":3}},"loc":{"start":{"line":18,"column":58},"end":{"line":26,"column":3}},"line":18},"3":{"name":"(anonymous_3)","decl":{"start":{"line":28,"column":2},"end":{"line":28,"column":3}},"loc":{"start":{"line":28,"column":18},"end":{"line":33,"column":3}},"line":28},"4":{"name":"(anonymous_4)","decl":{"start":{"line":35,"column":2},"end":{"line":35,"column":3}},"loc":{"start":{"line":43,"column":5},"end":{"line":50,"column":3}},"line":43},"5":{"name":"(anonymous_5)","decl":{"start":{"line":52,"column":2},"end":{"line":52,"column":3}},"loc":{"start":{"line":52,"column":22},"end":{"line":54,"column":3}},"line":52}},"branchMap":{},"s":{"0":2,"1":2,"2":2,"3":2,"4":2,"5":0,"6":2,"7":1,"8":1,"9":1,"10":1,"11":0},"f":{"0":2,"1":2,"2":2,"3":1,"4":1,"5":0},"b":{},"_coverageSchema":"1a1c01bbd47fc00a2c39e90264f33305004495a9","hash":"060c68b150ce02cbc0138061d262f691bd0efd82"}
,"/Users/emanoeltrevisol/Projects/blaire/src/validations/email.ts": {"path":"/Users/emanoeltrevisol/Projects/blaire/src/validations/email.ts","statementMap":{"0":{"start":{"line":4,"column":2},"end":{"line":4,"column":24}}},"fnMap":{"0":{"name":"isValid","decl":{"start":{"line":3,"column":16},"end":{"line":3,"column":23}},"loc":{"start":{"line":3,"column":39},"end":{"line":5,"column":1}},"line":3}},"branchMap":{},"s":{"0":13},"f":{"0":13},"b":{},"_coverageSchema":"1a1c01bbd47fc00a2c39e90264f33305004495a9","hash":"24d5faf73cb49fe2f82a4902843aff5da2472763"}
,"/Users/emanoeltrevisol/Projects/blaire/src/validations/string.ts": {"path":"/Users/emanoeltrevisol/Projects/blaire/src/validations/string.ts","statementMap":{"0":{"start":{"line":6,"column":17},"end":{"line":6,"column":43}},"1":{"start":{"line":7,"column":2},"end":{"line":7,"column":26}}},"fnMap":{"0":{"name":"matchesPattern","decl":{"start":{"line":1,"column":16},"end":{"line":1,"column":30}},"loc":{"start":{"line":5,"column":11},"end":{"line":8,"column":1}},"line":5}},"branchMap":{"0":{"loc":{"start":{"line":4,"column":2},"end":{"line":4,"column":13}},"type":"default-arg","locations":[{"start":{"line":4,"column":10},"end":{"line":4,"column":13}}],"line":4}},"s":{"0":36,"1":36},"f":{"0":36},"b":{"0":[21]},"_coverageSchema":"1a1c01bbd47fc00a2c39e90264f33305004495a9","hash":"a963e9dd75a24bdd604d69c4d9eea921c7078bd3"}
}
