TN:
SF:src/Root.tsx
FN:7,(anonymous_0)
FNF:1
FNH:1
FNDA:1,(anonymous_0)
DA:7,1
DA:8,1
LF:2
LH:2
BRF:0
BRH:0
end_of_record
TN:
SF:src/components/AuthForm.tsx
FN:30,validateField
FN:81,(anonymous_1)
FN:90,(anonymous_2)
FN:110,(anonymous_3)
FN:118,(anonymous_4)
FN:122,(anonymous_5)
FN:126,(anonymous_6)
FN:149,(anonymous_7)
FN:174,(anonymous_8)
FNF:9
FNH:9
FNDA:21,validateField
FNDA:38,(anonymous_1)
FNDA:5,(anonymous_2)
FNDA:10,(anonymous_3)
FNDA:11,(anonymous_4)
FNDA:8,(anonymous_5)
FNDA:15,(anonymous_6)
FNDA:4,(anonymous_7)
FNDA:5,(anonymous_8)
DA:20,2
DA:25,2
DA:39,21
DA:46,21
DA:47,21
DA:52,21
DA:53,7
DA:54,7
DA:55,7
DA:56,14
DA:57,6
DA:58,6
DA:59,6
DA:61,8
DA:62,8
DA:63,8
DA:66,21
DA:81,2
DA:82,38
DA:83,38
DA:86,38
DA:90,38
DA:91,5
DA:92,5
DA:93,5
DA:94,4
DA:97,1
DA:98,1
DA:99,1
DA:104,0
DA:106,1
DA:110,38
DA:111,10
DA:118,38
DA:119,11
DA:123,8
DA:124,8
DA:126,15
DA:132,38
DA:150,4
DA:175,5
DA:201,2
LF:42
LH:41
BRDA:52,0,0,7
BRDA:52,0,1,14
BRDA:56,1,0,6
BRDA:56,1,1,8
BRDA:93,2,0,4
BRDA:93,2,1,1
BRDA:93,3,0,5
BRDA:93,3,1,1
BRDA:125,4,0,8
BRDA:125,4,1,5
BRDA:170,5,0,0
BRDA:170,5,1,38
BRDA:192,6,0,38
BRDA:192,6,1,1
BRDA:192,6,2,37
BRF:15
BRH:14
end_of_record
TN:
SF:src/components/FormErrors.tsx
FN:17,(anonymous_0)
FNF:1
FNH:1
FNDA:88,(anonymous_0)
DA:17,3
DA:23,88
DA:24,88
DA:25,66
DA:28,22
DA:46,3
LF:6
LH:6
BRDA:24,0,0,66
BRDA:24,0,1,22
BRDA:24,1,0,88
BRDA:24,1,1,74
BRDA:30,2,0,22
BRDA:30,2,1,14
BRDA:30,2,2,8
BRDA:36,3,0,22
BRDA:36,3,1,13
BRDA:36,3,2,9
BRF:10
BRH:10
end_of_record
TN:
SF:src/components/posts/PostCard.tsx
FN:5,(anonymous_0)
FNF:1
FNH:1
FNDA:1,(anonymous_0)
DA:5,3
DA:6,1
DA:8,1
DA:26,3
LF:4
LH:4
BRF:0
BRH:0
end_of_record
TN:
SF:src/components/posts/PostList.tsx
FN:12,(anonymous_0)
FN:13,(anonymous_1)
FN:22,(anonymous_2)
FNF:3
FNH:2
FNDA:3,(anonymous_0)
FNDA:1,(anonymous_1)
FNDA:0,(anonymous_2)
DA:12,2
DA:13,3
DA:14,1
DA:17,3
DA:22,0
LF:5
LH:4
BRF:0
BRH:0
end_of_record
TN:
SF:src/components/posts/PostListTop.tsx
FN:17,(anonymous_0)
FNF:1
FNH:1
FNDA:4,(anonymous_0)
DA:17,2
DA:18,4
DA:20,4
DA:41,2
LF:4
LH:4
BRF:0
BRH:0
end_of_record
TN:
SF:src/containers/News.tsx
FN:4,(anonymous_0)
FNF:1
FNH:0
FNDA:0,(anonymous_0)
DA:4,1
DA:5,0
LF:2
LH:1
BRF:0
BRH:0
end_of_record
TN:
SF:src/containers/auth/SignIn.tsx
FN:16,(anonymous_0)
FN:19,(anonymous_1)
FN:37,(anonymous_2)
FNF:3
FNH:0
FNDA:0,(anonymous_0)
FNDA:0,(anonymous_1)
FNDA:0,(anonymous_2)
DA:16,1
DA:17,0
DA:19,0
DA:26,0
DA:27,0
DA:28,0
DA:29,0
DA:30,0
DA:31,0
DA:33,0
DA:37,0
DA:38,0
DA:41,0
DA:61,1
LF:14
LH:2
BRDA:30,0,0,0
BRDA:30,0,1,0
BRDA:44,1,0,0
BRDA:44,1,1,0
BRF:4
BRH:0
end_of_record
TN:
SF:src/containers/auth/SignUp.tsx
FN:16,(anonymous_0)
FN:19,(anonymous_1)
FN:50,(anonymous_2)
FNF:3
FNH:0
FNDA:0,(anonymous_0)
FNDA:0,(anonymous_1)
FNDA:0,(anonymous_2)
DA:16,1
DA:17,0
DA:19,0
DA:26,0
DA:27,0
DA:28,0
DA:30,0
DA:34,0
DA:51,0
DA:59,1
LF:10
LH:2
BRDA:28,0,0,0
BRDA:28,0,1,0
BRDA:37,1,0,0
BRDA:37,1,1,0
BRF:4
BRH:0
end_of_record
TN:
SF:src/containers/posts/List.tsx
FN:20,(anonymous_0)
FN:27,(anonymous_1)
FN:46,(anonymous_2)
FN:52,(anonymous_3)
FN:57,(anonymous_4)
FN:61,(anonymous_5)
FN:79,(anonymous_6)
FN:87,(anonymous_7)
FNF:8
FNH:0
FNDA:0,(anonymous_0)
FNDA:0,(anonymous_1)
FNDA:0,(anonymous_2)
FNDA:0,(anonymous_3)
FNDA:0,(anonymous_4)
FNDA:0,(anonymous_5)
FNDA:0,(anonymous_6)
FNDA:0,(anonymous_7)
DA:20,1
DA:21,0
DA:22,0
DA:24,0
DA:26,0
DA:28,0
DA:29,0
DA:30,0
DA:32,0
DA:36,0
DA:38,0
DA:39,0
DA:46,0
DA:47,0
DA:48,0
DA:49,0
DA:52,0
DA:53,0
DA:54,0
DA:57,0
DA:58,0
DA:61,0
DA:62,0
DA:65,0
DA:66,0
DA:69,0
DA:79,0
DA:87,0
LF:28
LH:1
BRDA:27,0,0,0
BRDA:29,1,0,0
BRDA:29,1,1,0
BRDA:32,2,0,0
BRDA:32,2,1,0
BRDA:38,3,0,0
BRDA:38,3,1,0
BRDA:65,4,0,0
BRDA:65,4,1,0
BRDA:65,5,0,0
BRDA:65,5,1,0
BRF:11
BRH:0
end_of_record
TN:
SF:src/models/Post.ts
FN:22,(anonymous_0)
FN:45,(anonymous_1)
FN:49,(anonymous_2)
FNF:3
FNH:3
FNDA:9,(anonymous_0)
FNDA:2,(anonymous_1)
FNDA:1,(anonymous_2)
DA:3,2
DA:30,9
DA:31,9
DA:32,9
DA:34,9
DA:35,9
DA:37,9
DA:46,2
DA:50,1
LF:9
LH:9
BRDA:38,0,0,6
BRDA:38,0,1,3
BRF:2
BRH:2
end_of_record
TN:
SF:src/routes/Auth.tsx
FN:9,(anonymous_0)
FNF:1
FNH:0
FNDA:0,(anonymous_0)
DA:6,1
DA:10,0
LF:2
LH:1
BRF:0
BRH:0
end_of_record
TN:
SF:src/routes/Home.tsx
FN:9,(anonymous_0)
FNF:1
FNH:0
FNDA:0,(anonymous_0)
DA:6,1
DA:10,0
LF:2
LH:1
BRF:0
BRH:0
end_of_record
TN:
SF:src/routes/Profile.tsx
FN:5,(anonymous_0)
FNF:1
FNH:0
FNDA:0,(anonymous_0)
DA:5,1
DA:6,0
DA:14,1
LF:3
LH:2
BRF:0
BRH:0
end_of_record
TN:
SF:src/routes/index.tsx
FN:19,(anonymous_0)
FN:24,(anonymous_1)
FN:28,(anonymous_2)
FN:55,(anonymous_3)
FNF:4
FNH:4
FNDA:1,(anonymous_0)
FNDA:1,(anonymous_1)
FNDA:1,(anonymous_2)
FNDA:2,(anonymous_3)
DA:20,1
DA:21,1
DA:25,1
DA:29,1
DA:31,1
DA:32,1
DA:39,0
DA:40,0
DA:43,0
DA:47,1
DA:55,2
LF:11
LH:8
BRDA:31,0,0,1
BRDA:31,0,1,0
BRDA:39,1,0,0
BRDA:39,1,1,0
BRDA:39,2,0,0
BRDA:39,2,1,0
BRF:6
BRH:1
end_of_record
TN:
SF:src/store/index.ts
FNF:0
FNH:0
DA:7,1
DA:13,1
LF:2
LH:2
BRF:0
BRH:0
end_of_record
TN:
SF:src/store/auth/actions.ts
FN:4,setUserInfo
FNF:1
FNH:1
FNDA:1,setUserInfo
DA:5,1
LF:1
LH:1
BRF:0
BRH:0
end_of_record
TN:
SF:src/store/auth/reducer.ts
FN:4,(anonymous_0)
FNF:1
FNH:1
FNDA:6,(anonymous_0)
DA:5,6
DA:7,1
DA:12,1
DA:16,4
LF:4
LH:4
BRDA:4,0,0,3
BRDA:5,1,0,1
BRDA:5,1,1,1
BRDA:5,1,2,4
BRF:4
BRH:4
end_of_record
TN:
SF:src/store/auth/state.ts
FNF:0
FNH:0
LF:0
LH:0
BRF:0
BRH:0
end_of_record
TN:
SF:src/store/auth/types.ts
FNF:0
FNH:0
LF:0
LH:0
BRF:0
BRH:0
end_of_record
TN:
SF:src/store/form/reducer.ts
FN:4,formReducer
FNF:1
FNH:1
FNDA:51,formReducer
DA:8,51
DA:10,9
DA:15,21
DA:20,21
DA:29,0
LF:5
LH:4
BRDA:5,0,0,0
BRDA:8,1,0,9
BRDA:8,1,1,21
BRDA:8,1,2,21
BRDA:8,1,3,0
BRDA:25,2,0,21
BRDA:25,2,1,0
BRF:7
BRH:4
end_of_record
TN:
SF:src/store/form/state.ts
FNF:0
FNH:0
LF:0
LH:0
BRF:0
BRH:0
end_of_record
TN:
SF:src/store/form/types.ts
FNF:0
FNH:0
LF:0
LH:0
BRF:0
BRH:0
end_of_record
TN:
SF:src/store/loader/actions.ts
FN:3,setAppLoading
FN:12,setNewsLoading
FN:21,setPostsLoading
FNF:3
FNH:3
FNDA:2,setAppLoading
FNDA:1,setNewsLoading
FNDA:3,setPostsLoading
DA:4,2
DA:13,1
DA:22,3
LF:3
LH:3
BRF:0
BRH:0
end_of_record
TN:
SF:src/store/loader/reducer.ts
FN:4,(anonymous_0)
FNF:1
FNH:1
FNDA:7,(anonymous_0)
DA:5,7
DA:7,2
DA:12,1
DA:17,1
DA:22,3
LF:5
LH:5
BRDA:4,0,0,3
BRDA:5,1,0,2
BRDA:5,1,1,1
BRDA:5,1,2,1
BRDA:5,1,3,3
BRF:5
BRH:5
end_of_record
TN:
SF:src/store/loader/state.ts
FNF:0
FNH:0
LF:0
LH:0
BRF:0
BRH:0
end_of_record
TN:
SF:src/store/loader/types.ts
FNF:0
FNH:0
LF:0
LH:0
BRF:0
BRH:0
end_of_record
TN:
SF:src/store/posts/actions.ts
FN:9,setPostsList
FN:18,setDetailPost
FN:28,updatePost
FN:38,deletePost
FN:47,getPostsByFilter
FN:48,(anonymous_5)
FN:59,getPostsList
FN:60,(anonymous_7)
FNF:8
FNH:5
FNDA:3,setPostsList
FNDA:0,setDetailPost
FNDA:0,updatePost
FNDA:0,deletePost
FNDA:1,getPostsByFilter
FNDA:1,(anonymous_5)
FNDA:1,getPostsList
FNDA:1,(anonymous_7)
DA:6,2
DA:10,3
DA:20,0
DA:29,0
DA:39,0
DA:48,1
DA:49,1
DA:50,1
DA:52,1
DA:54,0
DA:60,1
DA:61,1
DA:62,1
DA:64,1
DA:66,1
DA:68,0
DA:69,0
DA:71,1
LF:18
LH:12
BRF:0
BRH:0
end_of_record
TN:
SF:src/store/posts/reducer.ts
FN:4,(anonymous_0)
FN:27,(anonymous_1)
FNF:2
FNH:1
FNDA:4,(anonymous_0)
FNDA:0,(anonymous_1)
DA:5,4
DA:7,0
DA:12,0
DA:18,0
DA:23,0
DA:25,0
DA:27,0
DA:30,4
LF:8
LH:2
BRDA:4,0,0,3
BRDA:5,1,0,0
BRDA:5,1,1,0
BRDA:5,1,2,0
BRDA:5,1,3,0
BRDA:5,1,4,4
BRF:6
BRH:2
end_of_record
TN:
SF:src/store/posts/state.ts
FNF:0
FNH:0
LF:0
LH:0
BRF:0
BRH:0
end_of_record
TN:
SF:src/store/posts/types.ts
FNF:0
FNH:0
LF:0
LH:0
BRF:0
BRH:0
end_of_record
TN:
SF:src/utils/Toaster.ts
FN:3,onSignUp
FN:7,onSignIn
FNF:2
FNH:2
FNDA:1,onSignUp
FNDA:1,onSignIn
DA:4,1
DA:8,1
LF:2
LH:2
BRF:0
BRH:0
end_of_record
TN:
SF:src/utils/firebase/Auth.ts
FN:8,(anonymous_0)
FN:12,(anonymous_1)
FN:16,(anonymous_2)
FN:20,(anonymous_3)
FN:24,(anonymous_4)
FN:29,(anonymous_5)
FN:33,(anonymous_6)
FN:37,(anonymous_7)
FN:38,(anonymous_8)
FNF:9
FNH:4
FNDA:0,(anonymous_0)
FNDA:0,(anonymous_1)
FNDA:0,(anonymous_2)
FNDA:1,(anonymous_3)
FNDA:1,(anonymous_4)
FNDA:1,(anonymous_5)
FNDA:0,(anonymous_6)
FNDA:1,(anonymous_7)
FNDA:0,(anonymous_8)
DA:9,0
DA:13,0
DA:17,0
DA:21,1
DA:25,1
DA:26,1
DA:30,1
DA:34,0
DA:38,1
DA:39,0
DA:40,0
LF:11
LH:5
BRF:0
BRH:0
end_of_record
TN:
SF:src/utils/firebase/Firestore.ts
FN:9,(anonymous_0)
FN:14,(anonymous_1)
FN:18,(anonymous_2)
FN:28,(anonymous_3)
FN:35,(anonymous_4)
FN:52,(anonymous_5)
FNF:6
FNH:5
FNDA:2,(anonymous_0)
FNDA:2,(anonymous_1)
FNDA:2,(anonymous_2)
FNDA:1,(anonymous_3)
FNDA:1,(anonymous_4)
FNDA:0,(anonymous_5)
DA:10,2
DA:11,2
DA:15,2
DA:19,2
DA:20,2
DA:22,0
DA:25,2
DA:30,1
DA:32,1
DA:44,1
DA:49,1
DA:53,0
LF:12
LH:10
BRF:0
BRH:0
end_of_record
TN:
SF:src/validations/email.ts
FN:3,isValid
FNF:1
FNH:1
FNDA:13,isValid
DA:4,13
LF:1
LH:1
BRF:0
BRH:0
end_of_record
TN:
SF:src/validations/string.ts
FN:1,matchesPattern
FNF:1
FNH:1
FNDA:36,matchesPattern
DA:6,36
DA:7,36
LF:2
LH:2
BRDA:4,0,0,21
BRF:1
BRH:1
end_of_record
